[35m[1mConsolidate compiler generated dependencies of target test_publisher[0m
[35m[1mConsolidate compiler generated dependencies of target solution[0m
[ 75%] Built target test_publisher
[ 75%] [32mBuilding CXX object CMakeFiles/solution.dir/src/solution.cpp.o[0m
[100%] [32m[1mLinking CXX executable solution[0m
[100%] Built target solution
-- Install configuration: ""
-- Up-to-date: /usr/sdelasa/install/autoronto_interview/lib/autoronto_interview/test_publisher
-- Up-to-date: /usr/sdelasa/install/autoronto_interview/lib/autoronto_interview/test_publisher
-- Installing: /usr/sdelasa/install/autoronto_interview/lib/autoronto_interview/solution
-- Set runtime path of "/usr/sdelasa/install/autoronto_interview/lib/autoronto_interview/solution" to ""
-- Up-to-date: /usr/sdelasa/install/autoronto_interview/share/ament_index/resource_index/package_run_dependencies/autoronto_interview
-- Up-to-date: /usr/sdelasa/install/autoronto_interview/share/ament_index/resource_index/parent_prefix_path/autoronto_interview
-- Up-to-date: /usr/sdelasa/install/autoronto_interview/share/autoronto_interview/environment/ament_prefix_path.sh
-- Up-to-date: /usr/sdelasa/install/autoronto_interview/share/autoronto_interview/environment/ament_prefix_path.dsv
-- Up-to-date: /usr/sdelasa/install/autoronto_interview/share/autoronto_interview/environment/path.sh
-- Up-to-date: /usr/sdelasa/install/autoronto_interview/share/autoronto_interview/environment/path.dsv
-- Up-to-date: /usr/sdelasa/install/autoronto_interview/share/autoronto_interview/local_setup.bash
-- Up-to-date: /usr/sdelasa/install/autoronto_interview/share/autoronto_interview/local_setup.sh
-- Up-to-date: /usr/sdelasa/install/autoronto_interview/share/autoronto_interview/local_setup.zsh
-- Up-to-date: /usr/sdelasa/install/autoronto_interview/share/autoronto_interview/local_setup.dsv
-- Installing: /usr/sdelasa/install/autoronto_interview/share/autoronto_interview/package.dsv
-- Up-to-date: /usr/sdelasa/install/autoronto_interview/share/ament_index/resource_index/packages/autoronto_interview
-- Up-to-date: /usr/sdelasa/install/autoronto_interview/share/autoronto_interview/cmake/autoronto_interviewConfig.cmake
-- Up-to-date: /usr/sdelasa/install/autoronto_interview/share/autoronto_interview/cmake/autoronto_interviewConfig-version.cmake
-- Up-to-date: /usr/sdelasa/install/autoronto_interview/share/autoronto_interview/package.xml
