[0.123s] Invoking command in '/usr/sdelasa/build/autoronto_interview': CMAKE_PREFIX_PATH=${CMAKE_PREFIX_PATH}:/opt/ros/humble /usr/bin/cmake --build /usr/sdelasa/build/autoronto_interview -- -j5 -l5
[0.546s] [35m[1mConsolidate compiler generated dependencies of target test_publisher[0m
[0.571s] [35m[1mConsolidate compiler generated dependencies of target solution[0m
[2.899s] [ 75%] Built target test_publisher
[2.905s] [ 75%] [32mBuilding CXX object CMakeFiles/solution.dir/src/solution.cpp.o[0m
[9.803s] [100%] [32m[1mLinking CXX executable solution[0m
[13.540s] [100%] Built target solution
[13.627s] Invoked command in '/usr/sdelasa/build/autoronto_interview' returned '0': CMAKE_PREFIX_PATH=${CMAKE_PREFIX_PATH}:/opt/ros/humble /usr/bin/cmake --build /usr/sdelasa/build/autoronto_interview -- -j5 -l5
[14.140s] Invoking command in '/usr/sdelasa/build/autoronto_interview': CMAKE_PREFIX_PATH=${CMAKE_PREFIX_PATH}:/opt/ros/humble /usr/bin/cmake --install /usr/sdelasa/build/autoronto_interview
[14.214s] -- Install configuration: ""
[14.218s] -- Up-to-date: /usr/sdelasa/install/autoronto_interview/lib/autoronto_interview/test_publisher
[14.227s] -- Up-to-date: /usr/sdelasa/install/autoronto_interview/lib/autoronto_interview/test_publisher
[14.233s] -- Installing: /usr/sdelasa/install/autoronto_interview/lib/autoronto_interview/solution
[15.305s] -- Set runtime path of "/usr/sdelasa/install/autoronto_interview/lib/autoronto_interview/solution" to ""
[15.309s] -- Up-to-date: /usr/sdelasa/install/autoronto_interview/share/ament_index/resource_index/package_run_dependencies/autoronto_interview
[15.312s] -- Up-to-date: /usr/sdelasa/install/autoronto_interview/share/ament_index/resource_index/parent_prefix_path/autoronto_interview
[15.315s] -- Up-to-date: /usr/sdelasa/install/autoronto_interview/share/autoronto_interview/environment/ament_prefix_path.sh
[15.319s] -- Up-to-date: /usr/sdelasa/install/autoronto_interview/share/autoronto_interview/environment/ament_prefix_path.dsv
[15.328s] -- Up-to-date: /usr/sdelasa/install/autoronto_interview/share/autoronto_interview/environment/path.sh
[15.334s] -- Up-to-date: /usr/sdelasa/install/autoronto_interview/share/autoronto_interview/environment/path.dsv
[15.338s] -- Up-to-date: /usr/sdelasa/install/autoronto_interview/share/autoronto_interview/local_setup.bash
[15.344s] -- Up-to-date: /usr/sdelasa/install/autoronto_interview/share/autoronto_interview/local_setup.sh
[15.350s] -- Up-to-date: /usr/sdelasa/install/autoronto_interview/share/autoronto_interview/local_setup.zsh
[15.354s] -- Up-to-date: /usr/sdelasa/install/autoronto_interview/share/autoronto_interview/local_setup.dsv
[15.358s] -- Installing: /usr/sdelasa/install/autoronto_interview/share/autoronto_interview/package.dsv
[15.361s] -- Up-to-date: /usr/sdelasa/install/autoronto_interview/share/ament_index/resource_index/packages/autoronto_interview
[15.364s] -- Up-to-date: /usr/sdelasa/install/autoronto_interview/share/autoronto_interview/cmake/autoronto_interviewConfig.cmake
[15.370s] -- Up-to-date: /usr/sdelasa/install/autoronto_interview/share/autoronto_interview/cmake/autoronto_interviewConfig-version.cmake
[15.375s] -- Up-to-date: /usr/sdelasa/install/autoronto_interview/share/autoronto_interview/package.xml
[15.384s] Invoked command in '/usr/sdelasa/build/autoronto_interview' returned '0': CMAKE_PREFIX_PATH=${CMAKE_PREFIX_PATH}:/opt/ros/humble /usr/bin/cmake --install /usr/sdelasa/build/autoronto_interview
