[0.159s] DEBUG:colcon:Command line arguments: ['/usr/bin/colcon', 'build']
[0.160s] DEBUG:colcon:Parsed command line arguments: Namespace(log_base=None, log_level=None, verb_name='build', build_base='build', install_base='install', merge_install=False, symlink_install=False, test_result_base=None, continue_on_error=False, executor='parallel', parallel_workers=5, event_handlers=None, ignore_user_meta=False, metas=['./colcon.meta'], base_paths=['.'], packages_ignore=None, packages_ignore_regex=None, paths=None, packages_up_to=None, packages_up_to_regex=None, packages_above=None, packages_above_and_dependencies=None, packages_above_depth=None, packages_select_by_dep=None, packages_skip_by_dep=None, packages_skip_up_to=None, packages_select_build_failed=False, packages_skip_build_finished=False, packages_select_test_failures=False, packages_skip_test_passed=False, packages_select=None, packages_skip=None, packages_select_regex=None, packages_skip_regex=None, packages_start=None, packages_end=None, cmake_args=None, cmake_target=None, cmake_target_skip_unavailable=False, cmake_clean_cache=False, cmake_clean_first=False, cmake_force_configure=False, ament_cmake_args=None, catkin_cmake_args=None, catkin_skip_building_tests=False, mixin_files=None, mixin=None, verb_parser=<colcon_mixin.mixin.mixin_argument.MixinArgumentDecorator object at 0xffffb61ddf60>, verb_extension=<colcon_core.verb.build.BuildVerb object at 0xffffb6137880>, main=<bound method BuildVerb.main of <colcon_core.verb.build.BuildVerb object at 0xffffb6137880>>, mixin_verb=('build',))
[0.180s] Level 1:colcon.colcon_core.package_discovery:discover_packages(colcon_meta) check parameters
[0.182s] INFO:colcon.colcon_metadata.package_discovery.colcon_meta:Using configuration from '/root/.colcon/metadata/default/Gazebo.meta'
[0.183s] INFO:colcon.colcon_metadata.package_discovery.colcon_meta:Using configuration from '/root/.colcon/metadata/default/fastrtps.meta'
[0.186s] Level 1:colcon.colcon_core.package_discovery:discover_packages(recursive) check parameters
[0.187s] Level 1:colcon.colcon_core.package_discovery:discover_packages(ignore) check parameters
[0.189s] Level 1:colcon.colcon_core.package_discovery:discover_packages(path) check parameters
[0.190s] Level 1:colcon.colcon_core.package_discovery:discover_packages(colcon_meta) discover
[0.191s] Level 1:colcon.colcon_core.package_discovery:discover_packages(recursive) discover
[0.192s] INFO:colcon.colcon_core.package_discovery:Crawling recursively for packages in '/usr/sdelasa'
[0.193s] Level 1:colcon.colcon_core.package_identification:_identify(.) by extensions ['ignore', 'ignore_ament_install']
[0.197s] Level 1:colcon.colcon_core.package_identification:_identify(.) by extension 'ignore'
[0.199s] Level 1:colcon.colcon_core.package_identification:_identify(.) by extension 'ignore_ament_install'
[0.203s] Level 1:colcon.colcon_core.package_identification:_identify(.) by extensions ['colcon_pkg']
[0.204s] Level 1:colcon.colcon_core.package_identification:_identify(.) by extension 'colcon_pkg'
[0.205s] Level 1:colcon.colcon_core.package_identification:_identify(.) by extensions ['colcon_meta']
[0.207s] Level 1:colcon.colcon_core.package_identification:_identify(.) by extension 'colcon_meta'
[0.208s] Level 1:colcon.colcon_core.package_identification:_identify(.) by extensions ['ros']
[0.208s] Level 1:colcon.colcon_core.package_identification:_identify(.) by extension 'ros'
[0.220s] Level 1:colcon.colcon_core.package_identification:_identify(.) by extensions ['cmake', 'python']
[0.221s] Level 1:colcon.colcon_core.package_identification:_identify(.) by extension 'cmake'
[0.222s] Level 1:colcon.colcon_core.package_identification:_identify(.) by extension 'python'
[0.224s] Level 1:colcon.colcon_core.package_identification:_identify(.) by extensions ['python_setup_py']
[0.225s] Level 1:colcon.colcon_core.package_identification:_identify(.) by extension 'python_setup_py'
[0.229s] Level 1:colcon.colcon_core.package_identification:_identify(build) by extensions ['ignore', 'ignore_ament_install']
[0.230s] Level 1:colcon.colcon_core.package_identification:_identify(build) by extension 'ignore'
[0.232s] Level 1:colcon.colcon_core.package_identification:_identify(build) ignored
[0.235s] Level 1:colcon.colcon_core.package_identification:_identify(install) by extensions ['ignore', 'ignore_ament_install']
[0.236s] Level 1:colcon.colcon_core.package_identification:_identify(install) by extension 'ignore'
[0.240s] Level 1:colcon.colcon_core.package_identification:_identify(install) ignored
[0.246s] Level 1:colcon.colcon_core.package_identification:_identify(log) by extensions ['ignore', 'ignore_ament_install']
[0.247s] Level 1:colcon.colcon_core.package_identification:_identify(log) by extension 'ignore'
[0.248s] Level 1:colcon.colcon_core.package_identification:_identify(log) ignored
[0.249s] Level 1:colcon.colcon_core.package_identification:_identify(ros_tutorials) by extensions ['ignore', 'ignore_ament_install']
[0.251s] Level 1:colcon.colcon_core.package_identification:_identify(ros_tutorials) by extension 'ignore'
[0.253s] Level 1:colcon.colcon_core.package_identification:_identify(ros_tutorials) by extension 'ignore_ament_install'
[0.256s] Level 1:colcon.colcon_core.package_identification:_identify(ros_tutorials) by extensions ['colcon_pkg']
[0.257s] Level 1:colcon.colcon_core.package_identification:_identify(ros_tutorials) by extension 'colcon_pkg'
[0.259s] Level 1:colcon.colcon_core.package_identification:_identify(ros_tutorials) by extensions ['colcon_meta']
[0.259s] Level 1:colcon.colcon_core.package_identification:_identify(ros_tutorials) by extension 'colcon_meta'
[0.260s] Level 1:colcon.colcon_core.package_identification:_identify(ros_tutorials) by extensions ['ros']
[0.261s] Level 1:colcon.colcon_core.package_identification:_identify(ros_tutorials) by extension 'ros'
[0.266s] Level 1:colcon.colcon_core.package_identification:_identify(ros_tutorials) by extensions ['cmake', 'python']
[0.267s] Level 1:colcon.colcon_core.package_identification:_identify(ros_tutorials) by extension 'cmake'
[0.269s] Level 1:colcon.colcon_core.package_identification:_identify(ros_tutorials) by extension 'python'
[0.271s] Level 1:colcon.colcon_core.package_identification:_identify(ros_tutorials) by extensions ['python_setup_py']
[0.272s] Level 1:colcon.colcon_core.package_identification:_identify(ros_tutorials) by extension 'python_setup_py'
[0.274s] Level 1:colcon.colcon_core.package_identification:_identify(ros_tutorials/ros_tutorials) by extensions ['ignore', 'ignore_ament_install']
[0.278s] Level 1:colcon.colcon_core.package_identification:_identify(ros_tutorials/ros_tutorials) by extension 'ignore'
[0.279s] Level 1:colcon.colcon_core.package_identification:_identify(ros_tutorials/ros_tutorials) ignored
[0.280s] Level 1:colcon.colcon_core.package_identification:_identify(ros_tutorials/roscpp_tutorials) by extensions ['ignore', 'ignore_ament_install']
[0.281s] Level 1:colcon.colcon_core.package_identification:_identify(ros_tutorials/roscpp_tutorials) by extension 'ignore'
[0.282s] Level 1:colcon.colcon_core.package_identification:_identify(ros_tutorials/roscpp_tutorials) ignored
[0.283s] Level 1:colcon.colcon_core.package_identification:_identify(ros_tutorials/rospy_tutorials) by extensions ['ignore', 'ignore_ament_install']
[0.284s] Level 1:colcon.colcon_core.package_identification:_identify(ros_tutorials/rospy_tutorials) by extension 'ignore'
[0.285s] Level 1:colcon.colcon_core.package_identification:_identify(ros_tutorials/rospy_tutorials) ignored
[0.286s] Level 1:colcon.colcon_core.package_identification:_identify(ros_tutorials/turtlesim) by extensions ['ignore', 'ignore_ament_install']
[0.287s] Level 1:colcon.colcon_core.package_identification:_identify(ros_tutorials/turtlesim) by extension 'ignore'
[0.290s] Level 1:colcon.colcon_core.package_identification:_identify(ros_tutorials/turtlesim) by extension 'ignore_ament_install'
[0.292s] Level 1:colcon.colcon_core.package_identification:_identify(ros_tutorials/turtlesim) by extensions ['colcon_pkg']
[0.294s] Level 1:colcon.colcon_core.package_identification:_identify(ros_tutorials/turtlesim) by extension 'colcon_pkg'
[0.296s] Level 1:colcon.colcon_core.package_identification:_identify(ros_tutorials/turtlesim) by extensions ['colcon_meta']
[0.296s] Level 1:colcon.colcon_core.package_identification:_identify(ros_tutorials/turtlesim) by extension 'colcon_meta'
[0.297s] Level 1:colcon.colcon_core.package_identification:_identify(ros_tutorials/turtlesim) by extensions ['ros']
[0.298s] Level 1:colcon.colcon_core.package_identification:_identify(ros_tutorials/turtlesim) by extension 'ros'
[0.303s] DEBUG:colcon.colcon_core.package_identification:Package 'ros_tutorials/turtlesim' with type 'ros.ament_cmake' and name 'turtlesim'
[0.304s] Level 1:colcon.colcon_core.package_discovery:discover_packages(recursive) using defaults
[0.305s] Level 1:colcon.colcon_core.package_discovery:discover_packages(ignore) discover
[0.306s] Level 1:colcon.colcon_core.package_discovery:discover_packages(ignore) using defaults
[0.307s] Level 1:colcon.colcon_core.package_discovery:discover_packages(path) discover
[0.308s] Level 1:colcon.colcon_core.package_discovery:discover_packages(path) using defaults
[0.328s] Level 5:colcon.colcon_core.verb:set package 'turtlesim' build argument 'cmake_args' from command line to 'None'
[0.330s] Level 5:colcon.colcon_core.verb:set package 'turtlesim' build argument 'cmake_target' from command line to 'None'
[0.330s] Level 5:colcon.colcon_core.verb:set package 'turtlesim' build argument 'cmake_target_skip_unavailable' from command line to 'False'
[0.335s] Level 5:colcon.colcon_core.verb:set package 'turtlesim' build argument 'cmake_clean_cache' from command line to 'False'
[0.335s] Level 5:colcon.colcon_core.verb:set package 'turtlesim' build argument 'cmake_clean_first' from command line to 'False'
[0.336s] Level 5:colcon.colcon_core.verb:set package 'turtlesim' build argument 'cmake_force_configure' from command line to 'False'
[0.337s] Level 5:colcon.colcon_core.verb:set package 'turtlesim' build argument 'ament_cmake_args' from command line to 'None'
[0.338s] Level 5:colcon.colcon_core.verb:set package 'turtlesim' build argument 'catkin_cmake_args' from command line to 'None'
[0.339s] Level 5:colcon.colcon_core.verb:set package 'turtlesim' build argument 'catkin_skip_building_tests' from command line to 'False'
[0.340s] DEBUG:colcon.colcon_core.verb:Building package 'turtlesim' with the following arguments: {'ament_cmake_args': None, 'build_base': '/usr/sdelasa/build/turtlesim', 'catkin_cmake_args': None, 'catkin_skip_building_tests': False, 'cmake_args': None, 'cmake_clean_cache': False, 'cmake_clean_first': False, 'cmake_force_configure': False, 'cmake_target': None, 'cmake_target_skip_unavailable': False, 'install_base': '/usr/sdelasa/install/turtlesim', 'merge_install': False, 'path': '/usr/sdelasa/ros_tutorials/turtlesim', 'symlink_install': False, 'test_result_base': None}
[0.341s] INFO:colcon.colcon_core.executor:Executing jobs using 'parallel' executor
[0.344s] DEBUG:colcon.colcon_parallel_executor.executor.parallel:run_until_complete
[0.345s] INFO:colcon.colcon_ros.task.ament_cmake.build:Building ROS package in '/usr/sdelasa/ros_tutorials/turtlesim' with build type 'ament_cmake'
[0.348s] INFO:colcon.colcon_cmake.task.cmake.build:Building CMake package in '/usr/sdelasa/ros_tutorials/turtlesim'
[0.351s] INFO:colcon.colcon_core.plugin_system:Skipping extension 'colcon_core.shell.bat': Not used on non-Windows systems
[0.352s] INFO:colcon.colcon_core.shell:Skip shell extension 'powershell' for command environment: Not usable outside of PowerShell
[0.353s] DEBUG:colcon.colcon_core.shell:Skip shell extension 'dsv' for command environment
[0.411s] DEBUG:colcon.colcon_core.event_handler.log_command:Invoking command in '/usr/sdelasa/build/turtlesim': CMAKE_PREFIX_PATH=/opt/ros/humble /usr/bin/cmake /usr/sdelasa/ros_tutorials/turtlesim -DCMAKE_INSTALL_PREFIX=/usr/sdelasa/install/turtlesim
[11.323s] DEBUG:colcon.colcon_core.event_handler.log_command:Invoked command in '/usr/sdelasa/build/turtlesim' returned '0': CMAKE_PREFIX_PATH=/opt/ros/humble /usr/bin/cmake /usr/sdelasa/ros_tutorials/turtlesim -DCMAKE_INSTALL_PREFIX=/usr/sdelasa/install/turtlesim
[11.334s] DEBUG:colcon.colcon_core.event_handler.log_command:Invoking command in '/usr/sdelasa/build/turtlesim': CMAKE_PREFIX_PATH=/opt/ros/humble /usr/bin/cmake --build /usr/sdelasa/build/turtlesim -- -j5 -l5
[61.954s] DEBUG:colcon.colcon_core.event_handler.log_command:Invoked command in '/usr/sdelasa/build/turtlesim' returned '0': CMAKE_PREFIX_PATH=/opt/ros/humble /usr/bin/cmake --build /usr/sdelasa/build/turtlesim -- -j5 -l5
[62.204s] DEBUG:colcon.colcon_core.event_handler.log_command:Invoking command in '/usr/sdelasa/build/turtlesim': CMAKE_PREFIX_PATH=/opt/ros/humble /usr/bin/cmake --install /usr/sdelasa/build/turtlesim
[73.602s] Level 1:colcon.colcon_core.environment:create_environment_scripts_only(turtlesim)
[73.605s] DEBUG:colcon.colcon_core.event_handler.log_command:Invoked command in '/usr/sdelasa/build/turtlesim' returned '0': CMAKE_PREFIX_PATH=/opt/ros/humble /usr/bin/cmake --install /usr/sdelasa/build/turtlesim
[73.608s] Level 1:colcon.colcon_core.environment:checking '/usr/sdelasa/install/turtlesim' for CMake module files
[73.685s] Level 1:colcon.colcon_core.environment:checking '/usr/sdelasa/install/turtlesim' for CMake config files
[73.765s] Level 1:colcon.colcon_core.shell:create_environment_hook('turtlesim', 'cmake_prefix_path')
[73.766s] INFO:colcon.colcon_core.shell:Creating environment hook '/usr/sdelasa/install/turtlesim/share/turtlesim/hook/cmake_prefix_path.ps1'
[73.774s] INFO:colcon.colcon_core.shell:Creating environment descriptor '/usr/sdelasa/install/turtlesim/share/turtlesim/hook/cmake_prefix_path.dsv'
[73.782s] INFO:colcon.colcon_core.shell:Creating environment hook '/usr/sdelasa/install/turtlesim/share/turtlesim/hook/cmake_prefix_path.sh'
[73.792s] Level 1:colcon.colcon_core.environment:checking '/usr/sdelasa/install/turtlesim/lib'
[73.794s] Level 1:colcon.colcon_core.shell:create_environment_hook('turtlesim', 'ld_library_path_lib')
[73.796s] INFO:colcon.colcon_core.shell:Creating environment hook '/usr/sdelasa/install/turtlesim/share/turtlesim/hook/ld_library_path_lib.ps1'
[73.804s] INFO:colcon.colcon_core.shell:Creating environment descriptor '/usr/sdelasa/install/turtlesim/share/turtlesim/hook/ld_library_path_lib.dsv'
[73.810s] INFO:colcon.colcon_core.shell:Creating environment hook '/usr/sdelasa/install/turtlesim/share/turtlesim/hook/ld_library_path_lib.sh'
[73.818s] Level 1:colcon.colcon_core.environment:checking '/usr/sdelasa/install/turtlesim/bin'
[73.820s] Level 1:colcon.colcon_core.environment:checking '/usr/sdelasa/install/turtlesim/lib/pkgconfig/turtlesim.pc'
[73.823s] Level 1:colcon.colcon_core.environment:checking '/usr/sdelasa/install/turtlesim/lib/python3.10/site-packages'
[73.825s] Level 1:colcon.colcon_core.environment:checking '/usr/sdelasa/install/turtlesim/bin'
[73.827s] INFO:colcon.colcon_core.shell:Creating package script '/usr/sdelasa/install/turtlesim/share/turtlesim/package.ps1'
[73.834s] INFO:colcon.colcon_core.shell:Creating package descriptor '/usr/sdelasa/install/turtlesim/share/turtlesim/package.dsv'
[73.841s] INFO:colcon.colcon_core.shell:Creating package script '/usr/sdelasa/install/turtlesim/share/turtlesim/package.sh'
[73.847s] INFO:colcon.colcon_core.shell:Creating package script '/usr/sdelasa/install/turtlesim/share/turtlesim/package.bash'
[73.854s] INFO:colcon.colcon_core.shell:Creating package script '/usr/sdelasa/install/turtlesim/share/turtlesim/package.zsh'
[73.860s] Level 1:colcon.colcon_core.environment:create_file_with_runtime_dependencies(/usr/sdelasa/install/turtlesim/share/colcon-core/packages/turtlesim)
[74.100s] Level 1:colcon.colcon_core.environment:create_environment_scripts_only(turtlesim)
[74.102s] Level 1:colcon.colcon_core.environment:checking '/usr/sdelasa/install/turtlesim' for CMake module files
[74.129s] Level 1:colcon.colcon_core.environment:checking '/usr/sdelasa/install/turtlesim' for CMake config files
[74.173s] Level 1:colcon.colcon_core.shell:create_environment_hook('turtlesim', 'cmake_prefix_path')
[74.175s] INFO:colcon.colcon_core.shell:Creating environment hook '/usr/sdelasa/install/turtlesim/share/turtlesim/hook/cmake_prefix_path.ps1'
[74.184s] INFO:colcon.colcon_core.shell:Creating environment descriptor '/usr/sdelasa/install/turtlesim/share/turtlesim/hook/cmake_prefix_path.dsv'
[74.190s] INFO:colcon.colcon_core.shell:Creating environment hook '/usr/sdelasa/install/turtlesim/share/turtlesim/hook/cmake_prefix_path.sh'
[74.196s] Level 1:colcon.colcon_core.environment:checking '/usr/sdelasa/install/turtlesim/lib'
[74.197s] Level 1:colcon.colcon_core.shell:create_environment_hook('turtlesim', 'ld_library_path_lib')
[74.199s] INFO:colcon.colcon_core.shell:Creating environment hook '/usr/sdelasa/install/turtlesim/share/turtlesim/hook/ld_library_path_lib.ps1'
[74.206s] INFO:colcon.colcon_core.shell:Creating environment descriptor '/usr/sdelasa/install/turtlesim/share/turtlesim/hook/ld_library_path_lib.dsv'
[74.212s] INFO:colcon.colcon_core.shell:Creating environment hook '/usr/sdelasa/install/turtlesim/share/turtlesim/hook/ld_library_path_lib.sh'
[74.219s] Level 1:colcon.colcon_core.environment:checking '/usr/sdelasa/install/turtlesim/bin'
[74.221s] Level 1:colcon.colcon_core.environment:checking '/usr/sdelasa/install/turtlesim/lib/pkgconfig/turtlesim.pc'
[74.223s] Level 1:colcon.colcon_core.environment:checking '/usr/sdelasa/install/turtlesim/lib/python3.10/site-packages'
[74.225s] Level 1:colcon.colcon_core.environment:checking '/usr/sdelasa/install/turtlesim/bin'
[74.227s] INFO:colcon.colcon_core.shell:Creating package script '/usr/sdelasa/install/turtlesim/share/turtlesim/package.ps1'
[74.233s] INFO:colcon.colcon_core.shell:Creating package descriptor '/usr/sdelasa/install/turtlesim/share/turtlesim/package.dsv'
[74.238s] INFO:colcon.colcon_core.shell:Creating package script '/usr/sdelasa/install/turtlesim/share/turtlesim/package.sh'
[74.243s] INFO:colcon.colcon_core.shell:Creating package script '/usr/sdelasa/install/turtlesim/share/turtlesim/package.bash'
[74.248s] INFO:colcon.colcon_core.shell:Creating package script '/usr/sdelasa/install/turtlesim/share/turtlesim/package.zsh'
[74.255s] Level 1:colcon.colcon_core.environment:create_file_with_runtime_dependencies(/usr/sdelasa/install/turtlesim/share/colcon-core/packages/turtlesim)
[74.262s] DEBUG:colcon.colcon_parallel_executor.executor.parallel:closing loop
[74.264s] DEBUG:colcon.colcon_parallel_executor.executor.parallel:loop closed
[74.265s] DEBUG:colcon.colcon_parallel_executor.executor.parallel:run_until_complete finished with '0'
[74.266s] DEBUG:colcon.colcon_core.event_reactor:joining thread
[74.277s] INFO:colcon.colcon_core.plugin_system:Skipping extension 'colcon_notification.desktop_notification.notify_send': Could not find 'notify-send'
[74.279s] INFO:colcon.colcon_core.plugin_system:Skipping extension 'colcon_notification.desktop_notification.terminal_notifier': Not used on non-Darwin systems
[74.279s] INFO:colcon.colcon_core.plugin_system:Skipping extension 'colcon_notification.desktop_notification.win32': Not used on non-Windows systems
[74.281s] INFO:colcon.colcon_notification.desktop_notification:Sending desktop notification using 'notify2'
[74.282s] DEBUG:colcon.colcon_notification.desktop_notification.notify2:Failed to initialize notify2: org.freedesktop.DBus.Error.NotSupported: Unable to autolaunch a dbus-daemon without a $DISPLAY for X11
[74.283s] DEBUG:colcon.colcon_core.event_reactor:joined thread
[74.284s] INFO:colcon.colcon_core.shell:Creating prefix script '/usr/sdelasa/install/local_setup.ps1'
[74.293s] INFO:colcon.colcon_core.shell:Creating prefix util module '/usr/sdelasa/install/_local_setup_util_ps1.py'
[74.301s] INFO:colcon.colcon_core.shell:Creating prefix chain script '/usr/sdelasa/install/setup.ps1'
[74.308s] INFO:colcon.colcon_core.shell:Creating prefix script '/usr/sdelasa/install/local_setup.sh'
[74.316s] INFO:colcon.colcon_core.shell:Creating prefix util module '/usr/sdelasa/install/_local_setup_util_sh.py'
[74.323s] INFO:colcon.colcon_core.shell:Creating prefix chain script '/usr/sdelasa/install/setup.sh'
[74.330s] INFO:colcon.colcon_core.shell:Creating prefix script '/usr/sdelasa/install/local_setup.bash'
[74.339s] INFO:colcon.colcon_core.shell:Creating prefix chain script '/usr/sdelasa/install/setup.bash'
[74.345s] INFO:colcon.colcon_core.shell:Creating prefix script '/usr/sdelasa/install/local_setup.zsh'
[74.351s] INFO:colcon.colcon_core.shell:Creating prefix chain script '/usr/sdelasa/install/setup.zsh'
