[0.158s] DEBUG:colcon:Command line arguments: ['/usr/bin/colcon', 'build', '--packages-select', 'autoronto_interview']
[0.159s] DEBUG:colcon:Parsed command line arguments: Namespace(log_base=None, log_level=None, verb_name='build', build_base='build', install_base='install', merge_install=False, symlink_install=False, test_result_base=None, continue_on_error=False, executor='parallel', parallel_workers=5, event_handlers=None, ignore_user_meta=False, metas=['./colcon.meta'], base_paths=['.'], packages_ignore=None, packages_ignore_regex=None, paths=None, packages_up_to=None, packages_up_to_regex=None, packages_above=None, packages_above_and_dependencies=None, packages_above_depth=None, packages_select_by_dep=None, packages_skip_by_dep=None, packages_skip_up_to=None, packages_select_build_failed=False, packages_skip_build_finished=False, packages_select_test_failures=False, packages_skip_test_passed=False, packages_select=['autoronto_interview'], packages_skip=None, packages_select_regex=None, packages_skip_regex=None, packages_start=None, packages_end=None, cmake_args=None, cmake_target=None, cmake_target_skip_unavailable=False, cmake_clean_cache=False, cmake_clean_first=False, cmake_force_configure=False, ament_cmake_args=None, catkin_cmake_args=None, catkin_skip_building_tests=False, mixin_files=None, mixin=None, verb_parser=<colcon_mixin.mixin.mixin_argument.MixinArgumentDecorator object at 0xffff8cf3e0e0>, verb_extension=<colcon_core.verb.build.BuildVerb object at 0xffff8d73ac20>, main=<bound method BuildVerb.main of <colcon_core.verb.build.BuildVerb object at 0xffff8d73ac20>>, mixin_verb=('build',))
[0.181s] Level 1:colcon.colcon_core.package_discovery:discover_packages(colcon_meta) check parameters
[0.183s] INFO:colcon.colcon_metadata.package_discovery.colcon_meta:Using configuration from '/root/.colcon/metadata/default/Gazebo.meta'
[0.185s] INFO:colcon.colcon_metadata.package_discovery.colcon_meta:Using configuration from '/root/.colcon/metadata/default/fastrtps.meta'
[0.187s] Level 1:colcon.colcon_core.package_discovery:discover_packages(recursive) check parameters
[0.188s] Level 1:colcon.colcon_core.package_discovery:discover_packages(ignore) check parameters
[0.189s] Level 1:colcon.colcon_core.package_discovery:discover_packages(path) check parameters
[0.190s] Level 1:colcon.colcon_core.package_discovery:discover_packages(colcon_meta) discover
[0.192s] Level 1:colcon.colcon_core.package_discovery:discover_packages(recursive) discover
[0.193s] INFO:colcon.colcon_core.package_discovery:Crawling recursively for packages in '/usr/sdelasa'
[0.195s] Level 1:colcon.colcon_core.package_identification:_identify(.) by extensions ['ignore', 'ignore_ament_install']
[0.196s] Level 1:colcon.colcon_core.package_identification:_identify(.) by extension 'ignore'
[0.197s] Level 1:colcon.colcon_core.package_identification:_identify(.) by extension 'ignore_ament_install'
[0.202s] Level 1:colcon.colcon_core.package_identification:_identify(.) by extensions ['colcon_pkg']
[0.202s] Level 1:colcon.colcon_core.package_identification:_identify(.) by extension 'colcon_pkg'
[0.204s] Level 1:colcon.colcon_core.package_identification:_identify(.) by extensions ['colcon_meta']
[0.205s] Level 1:colcon.colcon_core.package_identification:_identify(.) by extension 'colcon_meta'
[0.206s] Level 1:colcon.colcon_core.package_identification:_identify(.) by extensions ['ros']
[0.206s] Level 1:colcon.colcon_core.package_identification:_identify(.) by extension 'ros'
[0.219s] Level 1:colcon.colcon_core.package_identification:_identify(.) by extensions ['cmake', 'python']
[0.219s] Level 1:colcon.colcon_core.package_identification:_identify(.) by extension 'cmake'
[0.221s] Level 1:colcon.colcon_core.package_identification:_identify(.) by extension 'python'
[0.222s] Level 1:colcon.colcon_core.package_identification:_identify(.) by extensions ['python_setup_py']
[0.223s] Level 1:colcon.colcon_core.package_identification:_identify(.) by extension 'python_setup_py'
[0.225s] Level 1:colcon.colcon_core.package_identification:_identify(build) by extensions ['ignore', 'ignore_ament_install']
[0.227s] Level 1:colcon.colcon_core.package_identification:_identify(build) by extension 'ignore'
[0.228s] Level 1:colcon.colcon_core.package_identification:_identify(build) ignored
[0.229s] Level 1:colcon.colcon_core.package_identification:_identify(install) by extensions ['ignore', 'ignore_ament_install']
[0.235s] Level 1:colcon.colcon_core.package_identification:_identify(install) by extension 'ignore'
[0.236s] Level 1:colcon.colcon_core.package_identification:_identify(install) ignored
[0.243s] Level 1:colcon.colcon_core.package_identification:_identify(log) by extensions ['ignore', 'ignore_ament_install']
[0.244s] Level 1:colcon.colcon_core.package_identification:_identify(log) by extension 'ignore'
[0.245s] Level 1:colcon.colcon_core.package_identification:_identify(log) ignored
[0.246s] Level 1:colcon.colcon_core.package_identification:_identify(ros_tutorials) by extensions ['ignore', 'ignore_ament_install']
[0.247s] Level 1:colcon.colcon_core.package_identification:_identify(ros_tutorials) by extension 'ignore'
[0.250s] Level 1:colcon.colcon_core.package_identification:_identify(ros_tutorials) by extension 'ignore_ament_install'
[0.253s] Level 1:colcon.colcon_core.package_identification:_identify(ros_tutorials) by extensions ['colcon_pkg']
[0.254s] Level 1:colcon.colcon_core.package_identification:_identify(ros_tutorials) by extension 'colcon_pkg'
[0.257s] Level 1:colcon.colcon_core.package_identification:_identify(ros_tutorials) by extensions ['colcon_meta']
[0.258s] Level 1:colcon.colcon_core.package_identification:_identify(ros_tutorials) by extension 'colcon_meta'
[0.259s] Level 1:colcon.colcon_core.package_identification:_identify(ros_tutorials) by extensions ['ros']
[0.259s] Level 1:colcon.colcon_core.package_identification:_identify(ros_tutorials) by extension 'ros'
[0.263s] Level 1:colcon.colcon_core.package_identification:_identify(ros_tutorials) by extensions ['cmake', 'python']
[0.264s] Level 1:colcon.colcon_core.package_identification:_identify(ros_tutorials) by extension 'cmake'
[0.265s] Level 1:colcon.colcon_core.package_identification:_identify(ros_tutorials) by extension 'python'
[0.267s] Level 1:colcon.colcon_core.package_identification:_identify(ros_tutorials) by extensions ['python_setup_py']
[0.268s] Level 1:colcon.colcon_core.package_identification:_identify(ros_tutorials) by extension 'python_setup_py'
[0.270s] Level 1:colcon.colcon_core.package_identification:_identify(ros_tutorials/ros_tutorials) by extensions ['ignore', 'ignore_ament_install']
[0.270s] Level 1:colcon.colcon_core.package_identification:_identify(ros_tutorials/ros_tutorials) by extension 'ignore'
[0.271s] Level 1:colcon.colcon_core.package_identification:_identify(ros_tutorials/ros_tutorials) ignored
[0.273s] Level 1:colcon.colcon_core.package_identification:_identify(ros_tutorials/roscpp_tutorials) by extensions ['ignore', 'ignore_ament_install']
[0.274s] Level 1:colcon.colcon_core.package_identification:_identify(ros_tutorials/roscpp_tutorials) by extension 'ignore'
[0.275s] Level 1:colcon.colcon_core.package_identification:_identify(ros_tutorials/roscpp_tutorials) ignored
[0.276s] Level 1:colcon.colcon_core.package_identification:_identify(ros_tutorials/rospy_tutorials) by extensions ['ignore', 'ignore_ament_install']
[0.277s] Level 1:colcon.colcon_core.package_identification:_identify(ros_tutorials/rospy_tutorials) by extension 'ignore'
[0.278s] Level 1:colcon.colcon_core.package_identification:_identify(ros_tutorials/rospy_tutorials) ignored
[0.284s] Level 1:colcon.colcon_core.package_identification:_identify(ros_tutorials/turtlesim) by extensions ['ignore', 'ignore_ament_install']
[0.285s] Level 1:colcon.colcon_core.package_identification:_identify(ros_tutorials/turtlesim) by extension 'ignore'
[0.286s] Level 1:colcon.colcon_core.package_identification:_identify(ros_tutorials/turtlesim) by extension 'ignore_ament_install'
[0.288s] Level 1:colcon.colcon_core.package_identification:_identify(ros_tutorials/turtlesim) by extensions ['colcon_pkg']
[0.290s] Level 1:colcon.colcon_core.package_identification:_identify(ros_tutorials/turtlesim) by extension 'colcon_pkg'
[0.292s] Level 1:colcon.colcon_core.package_identification:_identify(ros_tutorials/turtlesim) by extensions ['colcon_meta']
[0.293s] Level 1:colcon.colcon_core.package_identification:_identify(ros_tutorials/turtlesim) by extension 'colcon_meta'
[0.294s] Level 1:colcon.colcon_core.package_identification:_identify(ros_tutorials/turtlesim) by extensions ['ros']
[0.297s] Level 1:colcon.colcon_core.package_identification:_identify(ros_tutorials/turtlesim) by extension 'ros'
[0.303s] DEBUG:colcon.colcon_core.package_identification:Package 'ros_tutorials/turtlesim' with type 'ros.ament_cmake' and name 'turtlesim'
[0.305s] Level 1:colcon.colcon_core.package_identification:_identify(src) by extensions ['ignore', 'ignore_ament_install']
[0.305s] Level 1:colcon.colcon_core.package_identification:_identify(src) by extension 'ignore'
[0.307s] Level 1:colcon.colcon_core.package_identification:_identify(src) by extension 'ignore_ament_install'
[0.310s] Level 1:colcon.colcon_core.package_identification:_identify(src) by extensions ['colcon_pkg']
[0.310s] Level 1:colcon.colcon_core.package_identification:_identify(src) by extension 'colcon_pkg'
[0.312s] Level 1:colcon.colcon_core.package_identification:_identify(src) by extensions ['colcon_meta']
[0.313s] Level 1:colcon.colcon_core.package_identification:_identify(src) by extension 'colcon_meta'
[0.314s] Level 1:colcon.colcon_core.package_identification:_identify(src) by extensions ['ros']
[0.314s] Level 1:colcon.colcon_core.package_identification:_identify(src) by extension 'ros'
[0.318s] Level 1:colcon.colcon_core.package_identification:_identify(src) by extensions ['cmake', 'python']
[0.319s] Level 1:colcon.colcon_core.package_identification:_identify(src) by extension 'cmake'
[0.321s] Level 1:colcon.colcon_core.package_identification:_identify(src) by extension 'python'
[0.323s] Level 1:colcon.colcon_core.package_identification:_identify(src) by extensions ['python_setup_py']
[0.323s] Level 1:colcon.colcon_core.package_identification:_identify(src) by extension 'python_setup_py'
[0.325s] Level 1:colcon.colcon_core.package_identification:_identify(src/autoronto_interview) by extensions ['ignore', 'ignore_ament_install']
[0.326s] Level 1:colcon.colcon_core.package_identification:_identify(src/autoronto_interview) by extension 'ignore'
[0.333s] Level 1:colcon.colcon_core.package_identification:_identify(src/autoronto_interview) by extension 'ignore_ament_install'
[0.336s] Level 1:colcon.colcon_core.package_identification:_identify(src/autoronto_interview) by extensions ['colcon_pkg']
[0.337s] Level 1:colcon.colcon_core.package_identification:_identify(src/autoronto_interview) by extension 'colcon_pkg'
[0.340s] Level 1:colcon.colcon_core.package_identification:_identify(src/autoronto_interview) by extensions ['colcon_meta']
[0.341s] Level 1:colcon.colcon_core.package_identification:_identify(src/autoronto_interview) by extension 'colcon_meta'
[0.341s] Level 1:colcon.colcon_core.package_identification:_identify(src/autoronto_interview) by extensions ['ros']
[0.342s] Level 1:colcon.colcon_core.package_identification:_identify(src/autoronto_interview) by extension 'ros'
[0.348s] DEBUG:colcon.colcon_core.package_identification:Package 'src/autoronto_interview' with type 'ros.ament_cmake' and name 'autoronto_interview'
[0.349s] Level 1:colcon.colcon_core.package_identification:_identify(src/build) by extensions ['ignore', 'ignore_ament_install']
[0.350s] Level 1:colcon.colcon_core.package_identification:_identify(src/build) by extension 'ignore'
[0.351s] Level 1:colcon.colcon_core.package_identification:_identify(src/build) ignored
[0.352s] Level 1:colcon.colcon_core.package_identification:_identify(src/install) by extensions ['ignore', 'ignore_ament_install']
[0.353s] Level 1:colcon.colcon_core.package_identification:_identify(src/install) by extension 'ignore'
[0.355s] Level 1:colcon.colcon_core.package_identification:_identify(src/install) ignored
[0.360s] Level 1:colcon.colcon_core.package_identification:_identify(src/log) by extensions ['ignore', 'ignore_ament_install']
[0.362s] Level 1:colcon.colcon_core.package_identification:_identify(src/log) by extension 'ignore'
[0.362s] Level 1:colcon.colcon_core.package_identification:_identify(src/log) ignored
[0.363s] Level 1:colcon.colcon_core.package_discovery:discover_packages(recursive) using defaults
[0.364s] Level 1:colcon.colcon_core.package_discovery:discover_packages(ignore) discover
[0.365s] Level 1:colcon.colcon_core.package_discovery:discover_packages(ignore) using defaults
[0.366s] Level 1:colcon.colcon_core.package_discovery:discover_packages(path) discover
[0.366s] Level 1:colcon.colcon_core.package_discovery:discover_packages(path) using defaults
[0.387s] INFO:colcon.colcon_core.package_selection:Skipping not selected package 'turtlesim' in 'ros_tutorials/turtlesim'
[0.388s] Level 5:colcon.colcon_core.verb:set package 'autoronto_interview' build argument 'cmake_args' from command line to 'None'
[0.390s] Level 5:colcon.colcon_core.verb:set package 'autoronto_interview' build argument 'cmake_target' from command line to 'None'
[0.391s] Level 5:colcon.colcon_core.verb:set package 'autoronto_interview' build argument 'cmake_target_skip_unavailable' from command line to 'False'
[0.392s] Level 5:colcon.colcon_core.verb:set package 'autoronto_interview' build argument 'cmake_clean_cache' from command line to 'False'
[0.393s] Level 5:colcon.colcon_core.verb:set package 'autoronto_interview' build argument 'cmake_clean_first' from command line to 'False'
[0.393s] Level 5:colcon.colcon_core.verb:set package 'autoronto_interview' build argument 'cmake_force_configure' from command line to 'False'
[0.394s] Level 5:colcon.colcon_core.verb:set package 'autoronto_interview' build argument 'ament_cmake_args' from command line to 'None'
[0.401s] Level 5:colcon.colcon_core.verb:set package 'autoronto_interview' build argument 'catkin_cmake_args' from command line to 'None'
[0.402s] Level 5:colcon.colcon_core.verb:set package 'autoronto_interview' build argument 'catkin_skip_building_tests' from command line to 'False'
[0.403s] DEBUG:colcon.colcon_core.verb:Building package 'autoronto_interview' with the following arguments: {'ament_cmake_args': None, 'build_base': '/usr/sdelasa/build/autoronto_interview', 'catkin_cmake_args': None, 'catkin_skip_building_tests': False, 'cmake_args': None, 'cmake_clean_cache': False, 'cmake_clean_first': False, 'cmake_force_configure': False, 'cmake_target': None, 'cmake_target_skip_unavailable': False, 'install_base': '/usr/sdelasa/install/autoronto_interview', 'merge_install': False, 'path': '/usr/sdelasa/src/autoronto_interview', 'symlink_install': False, 'test_result_base': None}
[0.404s] INFO:colcon.colcon_core.executor:Executing jobs using 'parallel' executor
[0.406s] DEBUG:colcon.colcon_parallel_executor.executor.parallel:run_until_complete
[0.407s] INFO:colcon.colcon_ros.task.ament_cmake.build:Building ROS package in '/usr/sdelasa/src/autoronto_interview' with build type 'ament_cmake'
[0.409s] INFO:colcon.colcon_cmake.task.cmake.build:Building CMake package in '/usr/sdelasa/src/autoronto_interview'
[0.414s] INFO:colcon.colcon_core.plugin_system:Skipping extension 'colcon_core.shell.bat': Not used on non-Windows systems
[0.415s] INFO:colcon.colcon_core.shell:Skip shell extension 'powershell' for command environment: Not usable outside of PowerShell
[0.416s] DEBUG:colcon.colcon_core.shell:Skip shell extension 'dsv' for command environment
[0.483s] DEBUG:colcon.colcon_core.event_handler.log_command:Invoking command in '/usr/sdelasa/build/autoronto_interview': CMAKE_PREFIX_PATH=/opt/ros/humble /usr/bin/cmake /usr/sdelasa/src/autoronto_interview -DCMAKE_INSTALL_PREFIX=/usr/sdelasa/install/autoronto_interview
[5.405s] DEBUG:colcon.colcon_core.event_handler.log_command:Invoked command in '/usr/sdelasa/build/autoronto_interview' returned '0': CMAKE_PREFIX_PATH=/opt/ros/humble /usr/bin/cmake /usr/sdelasa/src/autoronto_interview -DCMAKE_INSTALL_PREFIX=/usr/sdelasa/install/autoronto_interview
[5.410s] DEBUG:colcon.colcon_core.event_handler.log_command:Invoking command in '/usr/sdelasa/build/autoronto_interview': CMAKE_PREFIX_PATH=/opt/ros/humble /usr/bin/cmake --build /usr/sdelasa/build/autoronto_interview -- -j5 -l5
[10.183s] DEBUG:colcon.colcon_core.event_handler.log_command:Invoked command in '/usr/sdelasa/build/autoronto_interview' returned '0': CMAKE_PREFIX_PATH=/opt/ros/humble /usr/bin/cmake --build /usr/sdelasa/build/autoronto_interview -- -j5 -l5
[10.229s] DEBUG:colcon.colcon_core.event_handler.log_command:Invoking command in '/usr/sdelasa/build/autoronto_interview': CMAKE_PREFIX_PATH=/opt/ros/humble /usr/bin/cmake --install /usr/sdelasa/build/autoronto_interview
[11.060s] Level 1:colcon.colcon_core.environment:create_environment_scripts_only(autoronto_interview)
[11.064s] DEBUG:colcon.colcon_core.event_handler.log_command:Invoked command in '/usr/sdelasa/build/autoronto_interview' returned '0': CMAKE_PREFIX_PATH=/opt/ros/humble /usr/bin/cmake --install /usr/sdelasa/build/autoronto_interview
[11.064s] Level 1:colcon.colcon_core.environment:checking '/usr/sdelasa/install/autoronto_interview' for CMake module files
[11.099s] Level 1:colcon.colcon_core.environment:checking '/usr/sdelasa/install/autoronto_interview' for CMake config files
[11.123s] Level 1:colcon.colcon_core.shell:create_environment_hook('autoronto_interview', 'cmake_prefix_path')
[11.125s] INFO:colcon.colcon_core.shell:Creating environment hook '/usr/sdelasa/install/autoronto_interview/share/autoronto_interview/hook/cmake_prefix_path.ps1'
[11.137s] INFO:colcon.colcon_core.shell:Creating environment descriptor '/usr/sdelasa/install/autoronto_interview/share/autoronto_interview/hook/cmake_prefix_path.dsv'
[11.146s] INFO:colcon.colcon_core.shell:Creating environment hook '/usr/sdelasa/install/autoronto_interview/share/autoronto_interview/hook/cmake_prefix_path.sh'
[11.153s] Level 1:colcon.colcon_core.environment:checking '/usr/sdelasa/install/autoronto_interview/lib'
[11.155s] Level 1:colcon.colcon_core.environment:checking '/usr/sdelasa/install/autoronto_interview/bin'
[11.157s] Level 1:colcon.colcon_core.environment:checking '/usr/sdelasa/install/autoronto_interview/lib/pkgconfig/autoronto_interview.pc'
[11.159s] Level 1:colcon.colcon_core.environment:checking '/usr/sdelasa/install/autoronto_interview/lib/python3.10/site-packages'
[11.160s] Level 1:colcon.colcon_core.environment:checking '/usr/sdelasa/install/autoronto_interview/bin'
[11.163s] INFO:colcon.colcon_core.shell:Creating package script '/usr/sdelasa/install/autoronto_interview/share/autoronto_interview/package.ps1'
[11.177s] INFO:colcon.colcon_core.shell:Creating package descriptor '/usr/sdelasa/install/autoronto_interview/share/autoronto_interview/package.dsv'
[11.185s] INFO:colcon.colcon_core.shell:Creating package script '/usr/sdelasa/install/autoronto_interview/share/autoronto_interview/package.sh'
[11.195s] INFO:colcon.colcon_core.shell:Creating package script '/usr/sdelasa/install/autoronto_interview/share/autoronto_interview/package.bash'
[11.201s] INFO:colcon.colcon_core.shell:Creating package script '/usr/sdelasa/install/autoronto_interview/share/autoronto_interview/package.zsh'
[11.208s] Level 1:colcon.colcon_core.environment:create_file_with_runtime_dependencies(/usr/sdelasa/install/autoronto_interview/share/colcon-core/packages/autoronto_interview)
[11.264s] Level 1:colcon.colcon_core.environment:create_environment_scripts_only(autoronto_interview)
[11.267s] Level 1:colcon.colcon_core.environment:checking '/usr/sdelasa/install/autoronto_interview' for CMake module files
[11.292s] Level 1:colcon.colcon_core.environment:checking '/usr/sdelasa/install/autoronto_interview' for CMake config files
[11.308s] Level 1:colcon.colcon_core.shell:create_environment_hook('autoronto_interview', 'cmake_prefix_path')
[11.310s] INFO:colcon.colcon_core.shell:Creating environment hook '/usr/sdelasa/install/autoronto_interview/share/autoronto_interview/hook/cmake_prefix_path.ps1'
[11.318s] INFO:colcon.colcon_core.shell:Creating environment descriptor '/usr/sdelasa/install/autoronto_interview/share/autoronto_interview/hook/cmake_prefix_path.dsv'
[11.325s] INFO:colcon.colcon_core.shell:Creating environment hook '/usr/sdelasa/install/autoronto_interview/share/autoronto_interview/hook/cmake_prefix_path.sh'
[11.332s] Level 1:colcon.colcon_core.environment:checking '/usr/sdelasa/install/autoronto_interview/lib'
[11.333s] Level 1:colcon.colcon_core.environment:checking '/usr/sdelasa/install/autoronto_interview/bin'
[11.334s] Level 1:colcon.colcon_core.environment:checking '/usr/sdelasa/install/autoronto_interview/lib/pkgconfig/autoronto_interview.pc'
[11.336s] Level 1:colcon.colcon_core.environment:checking '/usr/sdelasa/install/autoronto_interview/lib/python3.10/site-packages'
[11.338s] Level 1:colcon.colcon_core.environment:checking '/usr/sdelasa/install/autoronto_interview/bin'
[11.340s] INFO:colcon.colcon_core.shell:Creating package script '/usr/sdelasa/install/autoronto_interview/share/autoronto_interview/package.ps1'
[11.352s] INFO:colcon.colcon_core.shell:Creating package descriptor '/usr/sdelasa/install/autoronto_interview/share/autoronto_interview/package.dsv'
[11.359s] INFO:colcon.colcon_core.shell:Creating package script '/usr/sdelasa/install/autoronto_interview/share/autoronto_interview/package.sh'
[11.367s] INFO:colcon.colcon_core.shell:Creating package script '/usr/sdelasa/install/autoronto_interview/share/autoronto_interview/package.bash'
[11.373s] INFO:colcon.colcon_core.shell:Creating package script '/usr/sdelasa/install/autoronto_interview/share/autoronto_interview/package.zsh'
[11.379s] Level 1:colcon.colcon_core.environment:create_file_with_runtime_dependencies(/usr/sdelasa/install/autoronto_interview/share/colcon-core/packages/autoronto_interview)
[11.386s] DEBUG:colcon.colcon_parallel_executor.executor.parallel:closing loop
[11.387s] DEBUG:colcon.colcon_parallel_executor.executor.parallel:loop closed
[11.388s] DEBUG:colcon.colcon_parallel_executor.executor.parallel:run_until_complete finished with '0'
[11.389s] DEBUG:colcon.colcon_core.event_reactor:joining thread
[11.414s] INFO:colcon.colcon_core.plugin_system:Skipping extension 'colcon_notification.desktop_notification.notify_send': Could not find 'notify-send'
[11.414s] INFO:colcon.colcon_core.plugin_system:Skipping extension 'colcon_notification.desktop_notification.terminal_notifier': Not used on non-Darwin systems
[11.415s] INFO:colcon.colcon_core.plugin_system:Skipping extension 'colcon_notification.desktop_notification.win32': Not used on non-Windows systems
[11.417s] INFO:colcon.colcon_notification.desktop_notification:Sending desktop notification using 'notify2'
[11.417s] DEBUG:colcon.colcon_notification.desktop_notification.notify2:Failed to initialize notify2: org.freedesktop.DBus.Error.NotSupported: Unable to autolaunch a dbus-daemon without a $DISPLAY for X11
[11.420s] DEBUG:colcon.colcon_core.event_reactor:joined thread
[11.422s] INFO:colcon.colcon_core.shell:Creating prefix script '/usr/sdelasa/install/local_setup.ps1'
[11.429s] INFO:colcon.colcon_core.shell:Creating prefix util module '/usr/sdelasa/install/_local_setup_util_ps1.py'
[11.437s] INFO:colcon.colcon_core.shell:Creating prefix chain script '/usr/sdelasa/install/setup.ps1'
[11.443s] INFO:colcon.colcon_core.shell:Creating prefix script '/usr/sdelasa/install/local_setup.sh'
[11.448s] INFO:colcon.colcon_core.shell:Creating prefix util module '/usr/sdelasa/install/_local_setup_util_sh.py'
[11.461s] INFO:colcon.colcon_core.shell:Creating prefix chain script '/usr/sdelasa/install/setup.sh'
[11.468s] INFO:colcon.colcon_core.shell:Creating prefix script '/usr/sdelasa/install/local_setup.bash'
[11.475s] INFO:colcon.colcon_core.shell:Creating prefix chain script '/usr/sdelasa/install/setup.bash'
[11.480s] INFO:colcon.colcon_core.shell:Creating prefix script '/usr/sdelasa/install/local_setup.zsh'
[11.486s] INFO:colcon.colcon_core.shell:Creating prefix chain script '/usr/sdelasa/install/setup.zsh'
