[0.185s] DEBUG:colcon:Command line arguments: ['/usr/bin/colcon', 'build', '--packages-select', 'autoronto_interview']
[0.186s] DEBUG:colcon:Parsed command line arguments: Namespace(log_base=None, log_level=None, verb_name='build', build_base='build', install_base='install', merge_install=False, symlink_install=False, test_result_base=None, continue_on_error=False, executor='parallel', parallel_workers=5, event_handlers=None, ignore_user_meta=False, metas=['./colcon.meta'], base_paths=['.'], packages_ignore=None, packages_ignore_regex=None, paths=None, packages_up_to=None, packages_up_to_regex=None, packages_above=None, packages_above_and_dependencies=None, packages_above_depth=None, packages_select_by_dep=None, packages_skip_by_dep=None, packages_skip_up_to=None, packages_select_build_failed=False, packages_skip_build_finished=False, packages_select_test_failures=False, packages_skip_test_passed=False, packages_select=['autoronto_interview'], packages_skip=None, packages_select_regex=None, packages_skip_regex=None, packages_start=None, packages_end=None, cmake_args=None, cmake_target=None, cmake_target_skip_unavailable=False, cmake_clean_cache=False, cmake_clean_first=False, cmake_force_configure=False, ament_cmake_args=None, catkin_cmake_args=None, catkin_skip_building_tests=False, mixin_files=None, mixin=None, verb_parser=<colcon_mixin.mixin.mixin_argument.MixinArgumentDecorator object at 0xffff91fe21d0>, verb_extension=<colcon_core.verb.build.BuildVerb object at 0xffff927dff10>, main=<bound method BuildVerb.main of <colcon_core.verb.build.BuildVerb object at 0xffff927dff10>>, mixin_verb=('build',))
[0.206s] Level 1:colcon.colcon_core.package_discovery:discover_packages(colcon_meta) check parameters
[0.208s] INFO:colcon.colcon_metadata.package_discovery.colcon_meta:Using configuration from '/root/.colcon/metadata/default/Gazebo.meta'
[0.209s] INFO:colcon.colcon_metadata.package_discovery.colcon_meta:Using configuration from '/root/.colcon/metadata/default/fastrtps.meta'
[0.212s] Level 1:colcon.colcon_core.package_discovery:discover_packages(recursive) check parameters
[0.214s] Level 1:colcon.colcon_core.package_discovery:discover_packages(ignore) check parameters
[0.214s] Level 1:colcon.colcon_core.package_discovery:discover_packages(path) check parameters
[0.215s] Level 1:colcon.colcon_core.package_discovery:discover_packages(colcon_meta) discover
[0.216s] Level 1:colcon.colcon_core.package_discovery:discover_packages(recursive) discover
[0.217s] INFO:colcon.colcon_core.package_discovery:Crawling recursively for packages in '/usr/sdelasa'
[0.218s] Level 1:colcon.colcon_core.package_identification:_identify(.) by extensions ['ignore', 'ignore_ament_install']
[0.218s] Level 1:colcon.colcon_core.package_identification:_identify(.) by extension 'ignore'
[0.220s] Level 1:colcon.colcon_core.package_identification:_identify(.) by extension 'ignore_ament_install'
[0.223s] Level 1:colcon.colcon_core.package_identification:_identify(.) by extensions ['colcon_pkg']
[0.224s] Level 1:colcon.colcon_core.package_identification:_identify(.) by extension 'colcon_pkg'
[0.225s] Level 1:colcon.colcon_core.package_identification:_identify(.) by extensions ['colcon_meta']
[0.226s] Level 1:colcon.colcon_core.package_identification:_identify(.) by extension 'colcon_meta'
[0.227s] Level 1:colcon.colcon_core.package_identification:_identify(.) by extensions ['ros']
[0.228s] Level 1:colcon.colcon_core.package_identification:_identify(.) by extension 'ros'
[0.240s] Level 1:colcon.colcon_core.package_identification:_identify(.) by extensions ['cmake', 'python']
[0.241s] Level 1:colcon.colcon_core.package_identification:_identify(.) by extension 'cmake'
[0.243s] Level 1:colcon.colcon_core.package_identification:_identify(.) by extension 'python'
[0.246s] Level 1:colcon.colcon_core.package_identification:_identify(.) by extensions ['python_setup_py']
[0.246s] Level 1:colcon.colcon_core.package_identification:_identify(.) by extension 'python_setup_py'
[0.256s] Level 1:colcon.colcon_core.package_identification:_identify(build) by extensions ['ignore', 'ignore_ament_install']
[0.258s] Level 1:colcon.colcon_core.package_identification:_identify(build) by extension 'ignore'
[0.259s] Level 1:colcon.colcon_core.package_identification:_identify(build) ignored
[0.260s] Level 1:colcon.colcon_core.package_identification:_identify(install) by extensions ['ignore', 'ignore_ament_install']
[0.261s] Level 1:colcon.colcon_core.package_identification:_identify(install) by extension 'ignore'
[0.262s] Level 1:colcon.colcon_core.package_identification:_identify(install) ignored
[0.270s] Level 1:colcon.colcon_core.package_identification:_identify(log) by extensions ['ignore', 'ignore_ament_install']
[0.271s] Level 1:colcon.colcon_core.package_identification:_identify(log) by extension 'ignore'
[0.272s] Level 1:colcon.colcon_core.package_identification:_identify(log) ignored
[0.275s] Level 1:colcon.colcon_core.package_identification:_identify(ros_tutorials) by extensions ['ignore', 'ignore_ament_install']
[0.276s] Level 1:colcon.colcon_core.package_identification:_identify(ros_tutorials) by extension 'ignore'
[0.277s] Level 1:colcon.colcon_core.package_identification:_identify(ros_tutorials) by extension 'ignore_ament_install'
[0.280s] Level 1:colcon.colcon_core.package_identification:_identify(ros_tutorials) by extensions ['colcon_pkg']
[0.281s] Level 1:colcon.colcon_core.package_identification:_identify(ros_tutorials) by extension 'colcon_pkg'
[0.282s] Level 1:colcon.colcon_core.package_identification:_identify(ros_tutorials) by extensions ['colcon_meta']
[0.283s] Level 1:colcon.colcon_core.package_identification:_identify(ros_tutorials) by extension 'colcon_meta'
[0.284s] Level 1:colcon.colcon_core.package_identification:_identify(ros_tutorials) by extensions ['ros']
[0.285s] Level 1:colcon.colcon_core.package_identification:_identify(ros_tutorials) by extension 'ros'
[0.289s] Level 1:colcon.colcon_core.package_identification:_identify(ros_tutorials) by extensions ['cmake', 'python']
[0.289s] Level 1:colcon.colcon_core.package_identification:_identify(ros_tutorials) by extension 'cmake'
[0.291s] Level 1:colcon.colcon_core.package_identification:_identify(ros_tutorials) by extension 'python'
[0.293s] Level 1:colcon.colcon_core.package_identification:_identify(ros_tutorials) by extensions ['python_setup_py']
[0.294s] Level 1:colcon.colcon_core.package_identification:_identify(ros_tutorials) by extension 'python_setup_py'
[0.297s] Level 1:colcon.colcon_core.package_identification:_identify(ros_tutorials/ros_tutorials) by extensions ['ignore', 'ignore_ament_install']
[0.298s] Level 1:colcon.colcon_core.package_identification:_identify(ros_tutorials/ros_tutorials) by extension 'ignore'
[0.300s] Level 1:colcon.colcon_core.package_identification:_identify(ros_tutorials/ros_tutorials) ignored
[0.301s] Level 1:colcon.colcon_core.package_identification:_identify(ros_tutorials/roscpp_tutorials) by extensions ['ignore', 'ignore_ament_install']
[0.307s] Level 1:colcon.colcon_core.package_identification:_identify(ros_tutorials/roscpp_tutorials) by extension 'ignore'
[0.309s] Level 1:colcon.colcon_core.package_identification:_identify(ros_tutorials/roscpp_tutorials) ignored
[0.312s] Level 1:colcon.colcon_core.package_identification:_identify(ros_tutorials/rospy_tutorials) by extensions ['ignore', 'ignore_ament_install']
[0.312s] Level 1:colcon.colcon_core.package_identification:_identify(ros_tutorials/rospy_tutorials) by extension 'ignore'
[0.315s] Level 1:colcon.colcon_core.package_identification:_identify(ros_tutorials/rospy_tutorials) ignored
[0.317s] Level 1:colcon.colcon_core.package_identification:_identify(ros_tutorials/turtlesim) by extensions ['ignore', 'ignore_ament_install']
[0.317s] Level 1:colcon.colcon_core.package_identification:_identify(ros_tutorials/turtlesim) by extension 'ignore'
[0.321s] Level 1:colcon.colcon_core.package_identification:_identify(ros_tutorials/turtlesim) by extension 'ignore_ament_install'
[0.324s] Level 1:colcon.colcon_core.package_identification:_identify(ros_tutorials/turtlesim) by extensions ['colcon_pkg']
[0.324s] Level 1:colcon.colcon_core.package_identification:_identify(ros_tutorials/turtlesim) by extension 'colcon_pkg'
[0.327s] Level 1:colcon.colcon_core.package_identification:_identify(ros_tutorials/turtlesim) by extensions ['colcon_meta']
[0.329s] Level 1:colcon.colcon_core.package_identification:_identify(ros_tutorials/turtlesim) by extension 'colcon_meta'
[0.330s] Level 1:colcon.colcon_core.package_identification:_identify(ros_tutorials/turtlesim) by extensions ['ros']
[0.330s] Level 1:colcon.colcon_core.package_identification:_identify(ros_tutorials/turtlesim) by extension 'ros'
[0.337s] DEBUG:colcon.colcon_core.package_identification:Package 'ros_tutorials/turtlesim' with type 'ros.ament_cmake' and name 'turtlesim'
[0.338s] Level 1:colcon.colcon_core.package_identification:_identify(src) by extensions ['ignore', 'ignore_ament_install']
[0.339s] Level 1:colcon.colcon_core.package_identification:_identify(src) by extension 'ignore'
[0.341s] Level 1:colcon.colcon_core.package_identification:_identify(src) by extension 'ignore_ament_install'
[0.343s] Level 1:colcon.colcon_core.package_identification:_identify(src) by extensions ['colcon_pkg']
[0.344s] Level 1:colcon.colcon_core.package_identification:_identify(src) by extension 'colcon_pkg'
[0.346s] Level 1:colcon.colcon_core.package_identification:_identify(src) by extensions ['colcon_meta']
[0.347s] Level 1:colcon.colcon_core.package_identification:_identify(src) by extension 'colcon_meta'
[0.348s] Level 1:colcon.colcon_core.package_identification:_identify(src) by extensions ['ros']
[0.348s] Level 1:colcon.colcon_core.package_identification:_identify(src) by extension 'ros'
[0.352s] Level 1:colcon.colcon_core.package_identification:_identify(src) by extensions ['cmake', 'python']
[0.354s] Level 1:colcon.colcon_core.package_identification:_identify(src) by extension 'cmake'
[0.355s] Level 1:colcon.colcon_core.package_identification:_identify(src) by extension 'python'
[0.357s] Level 1:colcon.colcon_core.package_identification:_identify(src) by extensions ['python_setup_py']
[0.358s] Level 1:colcon.colcon_core.package_identification:_identify(src) by extension 'python_setup_py'
[0.366s] Level 1:colcon.colcon_core.package_identification:_identify(src/autoronto_interview) by extensions ['ignore', 'ignore_ament_install']
[0.367s] Level 1:colcon.colcon_core.package_identification:_identify(src/autoronto_interview) by extension 'ignore'
[0.368s] Level 1:colcon.colcon_core.package_identification:_identify(src/autoronto_interview) by extension 'ignore_ament_install'
[0.371s] Level 1:colcon.colcon_core.package_identification:_identify(src/autoronto_interview) by extensions ['colcon_pkg']
[0.372s] Level 1:colcon.colcon_core.package_identification:_identify(src/autoronto_interview) by extension 'colcon_pkg'
[0.373s] Level 1:colcon.colcon_core.package_identification:_identify(src/autoronto_interview) by extensions ['colcon_meta']
[0.374s] Level 1:colcon.colcon_core.package_identification:_identify(src/autoronto_interview) by extension 'colcon_meta'
[0.375s] Level 1:colcon.colcon_core.package_identification:_identify(src/autoronto_interview) by extensions ['ros']
[0.378s] Level 1:colcon.colcon_core.package_identification:_identify(src/autoronto_interview) by extension 'ros'
[0.382s] DEBUG:colcon.colcon_core.package_identification:Package 'src/autoronto_interview' with type 'ros.ament_cmake' and name 'autoronto_interview'
[0.383s] Level 1:colcon.colcon_core.package_identification:_identify(src/build) by extensions ['ignore', 'ignore_ament_install']
[0.384s] Level 1:colcon.colcon_core.package_identification:_identify(src/build) by extension 'ignore'
[0.386s] Level 1:colcon.colcon_core.package_identification:_identify(src/build) ignored
[0.387s] Level 1:colcon.colcon_core.package_identification:_identify(src/install) by extensions ['ignore', 'ignore_ament_install']
[0.388s] Level 1:colcon.colcon_core.package_identification:_identify(src/install) by extension 'ignore'
[0.389s] Level 1:colcon.colcon_core.package_identification:_identify(src/install) ignored
[0.393s] Level 1:colcon.colcon_core.package_identification:_identify(src/log) by extensions ['ignore', 'ignore_ament_install']
[0.395s] Level 1:colcon.colcon_core.package_identification:_identify(src/log) by extension 'ignore'
[0.395s] Level 1:colcon.colcon_core.package_identification:_identify(src/log) ignored
[0.396s] Level 1:colcon.colcon_core.package_discovery:discover_packages(recursive) using defaults
[0.397s] Level 1:colcon.colcon_core.package_discovery:discover_packages(ignore) discover
[0.398s] Level 1:colcon.colcon_core.package_discovery:discover_packages(ignore) using defaults
[0.399s] Level 1:colcon.colcon_core.package_discovery:discover_packages(path) discover
[0.399s] Level 1:colcon.colcon_core.package_discovery:discover_packages(path) using defaults
[0.422s] INFO:colcon.colcon_core.package_selection:Skipping not selected package 'turtlesim' in 'ros_tutorials/turtlesim'
[0.423s] Level 5:colcon.colcon_core.verb:set package 'autoronto_interview' build argument 'cmake_args' from command line to 'None'
[0.424s] Level 5:colcon.colcon_core.verb:set package 'autoronto_interview' build argument 'cmake_target' from command line to 'None'
[0.425s] Level 5:colcon.colcon_core.verb:set package 'autoronto_interview' build argument 'cmake_target_skip_unavailable' from command line to 'False'
[0.426s] Level 5:colcon.colcon_core.verb:set package 'autoronto_interview' build argument 'cmake_clean_cache' from command line to 'False'
[0.427s] Level 5:colcon.colcon_core.verb:set package 'autoronto_interview' build argument 'cmake_clean_first' from command line to 'False'
[0.428s] Level 5:colcon.colcon_core.verb:set package 'autoronto_interview' build argument 'cmake_force_configure' from command line to 'False'
[0.429s] Level 5:colcon.colcon_core.verb:set package 'autoronto_interview' build argument 'ament_cmake_args' from command line to 'None'
[0.430s] Level 5:colcon.colcon_core.verb:set package 'autoronto_interview' build argument 'catkin_cmake_args' from command line to 'None'
[0.431s] Level 5:colcon.colcon_core.verb:set package 'autoronto_interview' build argument 'catkin_skip_building_tests' from command line to 'False'
[0.432s] DEBUG:colcon.colcon_core.verb:Building package 'autoronto_interview' with the following arguments: {'ament_cmake_args': None, 'build_base': '/usr/sdelasa/build/autoronto_interview', 'catkin_cmake_args': None, 'catkin_skip_building_tests': False, 'cmake_args': None, 'cmake_clean_cache': False, 'cmake_clean_first': False, 'cmake_force_configure': False, 'cmake_target': None, 'cmake_target_skip_unavailable': False, 'install_base': '/usr/sdelasa/install/autoronto_interview', 'merge_install': False, 'path': '/usr/sdelasa/src/autoronto_interview', 'symlink_install': False, 'test_result_base': None}
[0.434s] INFO:colcon.colcon_core.executor:Executing jobs using 'parallel' executor
[0.442s] DEBUG:colcon.colcon_parallel_executor.executor.parallel:run_until_complete
[0.443s] INFO:colcon.colcon_ros.task.ament_cmake.build:Building ROS package in '/usr/sdelasa/src/autoronto_interview' with build type 'ament_cmake'
[0.444s] INFO:colcon.colcon_cmake.task.cmake.build:Building CMake package in '/usr/sdelasa/src/autoronto_interview'
[0.447s] INFO:colcon.colcon_core.plugin_system:Skipping extension 'colcon_core.shell.bat': Not used on non-Windows systems
[0.448s] INFO:colcon.colcon_core.shell:Skip shell extension 'powershell' for command environment: Not usable outside of PowerShell
[0.449s] DEBUG:colcon.colcon_core.shell:Skip shell extension 'dsv' for command environment
[0.564s] DEBUG:colcon.colcon_core.event_handler.log_command:Invoking command in '/usr/sdelasa/build/autoronto_interview': CMAKE_PREFIX_PATH=${CMAKE_PREFIX_PATH}:/opt/ros/humble /usr/bin/cmake --build /usr/sdelasa/build/autoronto_interview -- -j5 -l5
[16.509s] DEBUG:colcon.colcon_core.event_handler.log_command:Invoked command in '/usr/sdelasa/build/autoronto_interview' returned '0': CMAKE_PREFIX_PATH=${CMAKE_PREFIX_PATH}:/opt/ros/humble /usr/bin/cmake --build /usr/sdelasa/build/autoronto_interview -- -j5 -l5
[17.040s] DEBUG:colcon.colcon_core.event_handler.log_command:Invoking command in '/usr/sdelasa/build/autoronto_interview': CMAKE_PREFIX_PATH=${CMAKE_PREFIX_PATH}:/opt/ros/humble /usr/bin/cmake --install /usr/sdelasa/build/autoronto_interview
[18.801s] Level 1:colcon.colcon_core.environment:create_environment_scripts_only(autoronto_interview)
[18.805s] DEBUG:colcon.colcon_core.event_handler.log_command:Invoked command in '/usr/sdelasa/build/autoronto_interview' returned '0': CMAKE_PREFIX_PATH=${CMAKE_PREFIX_PATH}:/opt/ros/humble /usr/bin/cmake --install /usr/sdelasa/build/autoronto_interview
[18.805s] Level 1:colcon.colcon_core.environment:checking '/usr/sdelasa/install/autoronto_interview' for CMake module files
[18.839s] Level 1:colcon.colcon_core.environment:checking '/usr/sdelasa/install/autoronto_interview' for CMake config files
[18.846s] Level 1:colcon.colcon_core.shell:create_environment_hook('autoronto_interview', 'cmake_prefix_path')
[18.848s] INFO:colcon.colcon_core.shell:Creating environment hook '/usr/sdelasa/install/autoronto_interview/share/autoronto_interview/hook/cmake_prefix_path.ps1'
[18.854s] INFO:colcon.colcon_core.shell:Creating environment descriptor '/usr/sdelasa/install/autoronto_interview/share/autoronto_interview/hook/cmake_prefix_path.dsv'
[18.860s] INFO:colcon.colcon_core.shell:Creating environment hook '/usr/sdelasa/install/autoronto_interview/share/autoronto_interview/hook/cmake_prefix_path.sh'
[18.873s] Level 1:colcon.colcon_core.environment:checking '/usr/sdelasa/install/autoronto_interview/lib'
[18.874s] Level 1:colcon.colcon_core.environment:checking '/usr/sdelasa/install/autoronto_interview/bin'
[18.876s] Level 1:colcon.colcon_core.environment:checking '/usr/sdelasa/install/autoronto_interview/lib/pkgconfig/autoronto_interview.pc'
[18.880s] Level 1:colcon.colcon_core.environment:checking '/usr/sdelasa/install/autoronto_interview/lib/python3.10/site-packages'
[18.882s] Level 1:colcon.colcon_core.environment:checking '/usr/sdelasa/install/autoronto_interview/bin'
[18.885s] INFO:colcon.colcon_core.shell:Creating package script '/usr/sdelasa/install/autoronto_interview/share/autoronto_interview/package.ps1'
[18.893s] INFO:colcon.colcon_core.shell:Creating package descriptor '/usr/sdelasa/install/autoronto_interview/share/autoronto_interview/package.dsv'
[18.899s] INFO:colcon.colcon_core.shell:Creating package script '/usr/sdelasa/install/autoronto_interview/share/autoronto_interview/package.sh'
[18.904s] INFO:colcon.colcon_core.shell:Creating package script '/usr/sdelasa/install/autoronto_interview/share/autoronto_interview/package.bash'
[18.910s] INFO:colcon.colcon_core.shell:Creating package script '/usr/sdelasa/install/autoronto_interview/share/autoronto_interview/package.zsh'
[18.922s] Level 1:colcon.colcon_core.environment:create_file_with_runtime_dependencies(/usr/sdelasa/install/autoronto_interview/share/colcon-core/packages/autoronto_interview)
[19.385s] Level 1:colcon.colcon_core.environment:create_environment_scripts_only(autoronto_interview)
[19.389s] Level 1:colcon.colcon_core.environment:checking '/usr/sdelasa/install/autoronto_interview' for CMake module files
[19.412s] Level 1:colcon.colcon_core.environment:checking '/usr/sdelasa/install/autoronto_interview' for CMake config files
[19.416s] Level 1:colcon.colcon_core.shell:create_environment_hook('autoronto_interview', 'cmake_prefix_path')
[19.418s] INFO:colcon.colcon_core.shell:Creating environment hook '/usr/sdelasa/install/autoronto_interview/share/autoronto_interview/hook/cmake_prefix_path.ps1'
[19.430s] INFO:colcon.colcon_core.shell:Creating environment descriptor '/usr/sdelasa/install/autoronto_interview/share/autoronto_interview/hook/cmake_prefix_path.dsv'
[19.437s] INFO:colcon.colcon_core.shell:Creating environment hook '/usr/sdelasa/install/autoronto_interview/share/autoronto_interview/hook/cmake_prefix_path.sh'
[19.445s] Level 1:colcon.colcon_core.environment:checking '/usr/sdelasa/install/autoronto_interview/lib'
[19.446s] Level 1:colcon.colcon_core.environment:checking '/usr/sdelasa/install/autoronto_interview/bin'
[19.449s] Level 1:colcon.colcon_core.environment:checking '/usr/sdelasa/install/autoronto_interview/lib/pkgconfig/autoronto_interview.pc'
[19.452s] Level 1:colcon.colcon_core.environment:checking '/usr/sdelasa/install/autoronto_interview/lib/python3.10/site-packages'
[19.454s] Level 1:colcon.colcon_core.environment:checking '/usr/sdelasa/install/autoronto_interview/bin'
[19.456s] INFO:colcon.colcon_core.shell:Creating package script '/usr/sdelasa/install/autoronto_interview/share/autoronto_interview/package.ps1'
[19.462s] INFO:colcon.colcon_core.shell:Creating package descriptor '/usr/sdelasa/install/autoronto_interview/share/autoronto_interview/package.dsv'
[19.472s] INFO:colcon.colcon_core.shell:Creating package script '/usr/sdelasa/install/autoronto_interview/share/autoronto_interview/package.sh'
[19.478s] INFO:colcon.colcon_core.shell:Creating package script '/usr/sdelasa/install/autoronto_interview/share/autoronto_interview/package.bash'
[19.484s] INFO:colcon.colcon_core.shell:Creating package script '/usr/sdelasa/install/autoronto_interview/share/autoronto_interview/package.zsh'
[19.491s] Level 1:colcon.colcon_core.environment:create_file_with_runtime_dependencies(/usr/sdelasa/install/autoronto_interview/share/colcon-core/packages/autoronto_interview)
[19.498s] DEBUG:colcon.colcon_parallel_executor.executor.parallel:closing loop
[19.499s] DEBUG:colcon.colcon_parallel_executor.executor.parallel:loop closed
[19.502s] DEBUG:colcon.colcon_parallel_executor.executor.parallel:run_until_complete finished with '0'
[19.502s] DEBUG:colcon.colcon_core.event_reactor:joining thread
[19.529s] INFO:colcon.colcon_core.plugin_system:Skipping extension 'colcon_notification.desktop_notification.notify_send': Could not find 'notify-send'
[19.532s] INFO:colcon.colcon_core.plugin_system:Skipping extension 'colcon_notification.desktop_notification.terminal_notifier': Not used on non-Darwin systems
[19.533s] INFO:colcon.colcon_core.plugin_system:Skipping extension 'colcon_notification.desktop_notification.win32': Not used on non-Windows systems
[19.533s] INFO:colcon.colcon_notification.desktop_notification:Sending desktop notification using 'notify2'
[19.534s] DEBUG:colcon.colcon_notification.desktop_notification.notify2:Failed to initialize notify2: org.freedesktop.DBus.Error.NotSupported: Unable to autolaunch a dbus-daemon without a $DISPLAY for X11
[19.535s] DEBUG:colcon.colcon_core.event_reactor:joined thread
[19.536s] INFO:colcon.colcon_core.shell:Creating prefix script '/usr/sdelasa/install/local_setup.ps1'
[19.544s] INFO:colcon.colcon_core.shell:Creating prefix util module '/usr/sdelasa/install/_local_setup_util_ps1.py'
[19.551s] INFO:colcon.colcon_core.shell:Creating prefix chain script '/usr/sdelasa/install/setup.ps1'
[19.559s] INFO:colcon.colcon_core.shell:Creating prefix script '/usr/sdelasa/install/local_setup.sh'
[19.565s] INFO:colcon.colcon_core.shell:Creating prefix util module '/usr/sdelasa/install/_local_setup_util_sh.py'
[19.577s] INFO:colcon.colcon_core.shell:Creating prefix chain script '/usr/sdelasa/install/setup.sh'
[19.591s] INFO:colcon.colcon_core.shell:Creating prefix script '/usr/sdelasa/install/local_setup.bash'
[19.598s] INFO:colcon.colcon_core.shell:Creating prefix chain script '/usr/sdelasa/install/setup.bash'
[19.607s] INFO:colcon.colcon_core.shell:Creating prefix script '/usr/sdelasa/install/local_setup.zsh'
[19.612s] INFO:colcon.colcon_core.shell:Creating prefix chain script '/usr/sdelasa/install/setup.zsh'
