[0.066s] Invoking command in '/usr/sdelasa/build/autoronto_interview': CMAKE_PREFIX_PATH=/opt/ros/humble /usr/bin/cmake /usr/sdelasa/src/autoronto_interview -DCMAKE_INSTALL_PREFIX=/usr/sdelasa/install/autoronto_interview
[0.381s] -- The C compiler identification is GNU 11.3.0
[0.682s] -- The CXX compiler identification is GNU 11.3.0
[0.731s] -- Detecting C compiler ABI info
[1.351s] -- Detecting C compiler ABI info - done
[1.374s] -- Check for working C compiler: /usr/bin/cc - skipped
[1.380s] -- Detecting C compile features
[1.385s] -- Detecting C compile features - done
[1.413s] -- Detecting CXX compiler ABI info
[2.040s] -- Detecting CXX compiler ABI info - done
[2.064s] -- Check for working CXX compiler: /usr/bin/c++ - skipped
[2.068s] -- Detecting CXX compile features
[2.073s] -- Detecting CXX compile features - done
[2.101s] -- Found ament_cmake: 1.3.3 (/opt/ros/humble/share/ament_cmake/cmake)
[2.212s] -- Found Python3: /usr/bin/python3.10 (found version "3.10.6") found components: Interpreter 
[2.393s] -- Found rclcpp: 16.0.2 (/opt/ros/humble/share/rclcpp/cmake)
[2.423s] -- Found rosidl_generator_c: 3.1.4 (/opt/ros/humble/share/rosidl_generator_c/cmake)
[2.426s] -- Found rosidl_adapter: 3.1.4 (/opt/ros/humble/share/rosidl_adapter/cmake)
[2.431s] -- Found rosidl_generator_cpp: 3.1.4 (/opt/ros/humble/share/rosidl_generator_cpp/cmake)
[2.444s] -- Using all available rosidl_typesupport_c: rosidl_typesupport_fastrtps_c;rosidl_typesupport_introspection_c
[2.460s] -- Using all available rosidl_typesupport_cpp: rosidl_typesupport_fastrtps_cpp;rosidl_typesupport_introspection_cpp
[2.519s] -- Found rmw_implementation_cmake: 6.1.1 (/opt/ros/humble/share/rmw_implementation_cmake/cmake)
[2.524s] -- Found rmw_fastrtps_cpp: 6.2.2 (/opt/ros/humble/share/rmw_fastrtps_cpp/cmake)
[2.603s] -- Found OpenSSL: /usr/lib/aarch64-linux-gnu/libcrypto.so (found version "3.0.2")  
[2.633s] -- Found FastRTPS: /opt/ros/humble/include  
[2.680s] -- Using RMW implementation 'rmw_fastrtps_cpp' as default
[2.721s] -- Looking for pthread.h
[3.315s] -- Looking for pthread.h - found
[3.324s] -- Performing Test CMAKE_HAVE_LIBC_PTHREAD
[3.931s] -- Performing Test CMAKE_HAVE_LIBC_PTHREAD - Success
[3.935s] -- Found Threads: TRUE  
[4.449s] -- Configuring done
[4.876s] -- Generating done
[4.984s] -- Build files have been written to: /usr/sdelasa/build/autoronto_interview
[4.988s] Invoked command in '/usr/sdelasa/build/autoronto_interview' returned '0': CMAKE_PREFIX_PATH=/opt/ros/humble /usr/bin/cmake /usr/sdelasa/src/autoronto_interview -DCMAKE_INSTALL_PREFIX=/usr/sdelasa/install/autoronto_interview
[4.993s] Invoking command in '/usr/sdelasa/build/autoronto_interview': CMAKE_PREFIX_PATH=/opt/ros/humble /usr/bin/cmake --build /usr/sdelasa/build/autoronto_interview -- -j5 -l5
[5.143s] [ 50%] [32mBuilding CXX object CMakeFiles/solution.dir/src/solution.cpp.o[0m
[8.253s] [100%] [32m[1mLinking CXX executable solution[0m
[9.745s] [100%] Built target solution
[9.766s] Invoked command in '/usr/sdelasa/build/autoronto_interview' returned '0': CMAKE_PREFIX_PATH=/opt/ros/humble /usr/bin/cmake --build /usr/sdelasa/build/autoronto_interview -- -j5 -l5
[9.812s] Invoking command in '/usr/sdelasa/build/autoronto_interview': CMAKE_PREFIX_PATH=/opt/ros/humble /usr/bin/cmake --install /usr/sdelasa/build/autoronto_interview
[9.827s] -- Install configuration: ""
[9.843s] -- Installing: /usr/sdelasa/install/autoronto_interview/lib/autoronto_interview/solution
[10.170s] -- Set runtime path of "/usr/sdelasa/install/autoronto_interview/lib/autoronto_interview/solution" to ""
[10.194s] -- Installing: /usr/sdelasa/install/autoronto_interview/share/ament_index/resource_index/package_run_dependencies/autoronto_interview
[10.233s] -- Installing: /usr/sdelasa/install/autoronto_interview/share/ament_index/resource_index/parent_prefix_path/autoronto_interview
[10.274s] -- Installing: /usr/sdelasa/install/autoronto_interview/share/autoronto_interview/environment/ament_prefix_path.sh
[10.294s] -- Installing: /usr/sdelasa/install/autoronto_interview/share/autoronto_interview/environment/ament_prefix_path.dsv
[10.327s] -- Installing: /usr/sdelasa/install/autoronto_interview/share/autoronto_interview/environment/path.sh
[10.349s] -- Installing: /usr/sdelasa/install/autoronto_interview/share/autoronto_interview/environment/path.dsv
[10.375s] -- Installing: /usr/sdelasa/install/autoronto_interview/share/autoronto_interview/local_setup.bash
[10.405s] -- Installing: /usr/sdelasa/install/autoronto_interview/share/autoronto_interview/local_setup.sh
[10.435s] -- Installing: /usr/sdelasa/install/autoronto_interview/share/autoronto_interview/local_setup.zsh
[10.465s] -- Installing: /usr/sdelasa/install/autoronto_interview/share/autoronto_interview/local_setup.dsv
[10.492s] -- Installing: /usr/sdelasa/install/autoronto_interview/share/autoronto_interview/package.dsv
[10.530s] -- Installing: /usr/sdelasa/install/autoronto_interview/share/ament_index/resource_index/packages/autoronto_interview
[10.564s] -- Installing: /usr/sdelasa/install/autoronto_interview/share/autoronto_interview/cmake/autoronto_interviewConfig.cmake
[10.592s] -- Installing: /usr/sdelasa/install/autoronto_interview/share/autoronto_interview/cmake/autoronto_interviewConfig-version.cmake
[10.621s] -- Installing: /usr/sdelasa/install/autoronto_interview/share/autoronto_interview/package.xml
[10.646s] Invoked command in '/usr/sdelasa/build/autoronto_interview' returned '0': CMAKE_PREFIX_PATH=/opt/ros/humble /usr/bin/cmake --install /usr/sdelasa/build/autoronto_interview
