[0.057s] Invoking command in '/usr/sdelasa/build/turtlesim': CMAKE_PREFIX_PATH=/opt/ros/humble /usr/bin/cmake /usr/sdelasa/ros_tutorials/turtlesim -DCMAKE_INSTALL_PREFIX=/usr/sdelasa/install/turtlesim
[0.377s] -- The C compiler identification is GNU 11.3.0
[0.668s] -- The CXX compiler identification is GNU 11.3.0
[0.712s] -- Detecting C compiler ABI info
[1.347s] -- Detecting C compiler ABI info - done
[1.369s] -- Check for working C compiler: /usr/bin/cc - skipped
[1.372s] -- Detecting C compile features
[1.379s] -- Detecting C compile features - done
[1.402s] -- Detecting CXX compiler ABI info
[2.036s] -- Detecting CXX compiler ABI info - done
[2.057s] -- Check for working CXX compiler: /usr/bin/c++ - skipped
[2.060s] -- Detecting CXX compile features
[2.067s] -- Detecting CXX compile features - done
[2.094s] -- Found ament_cmake: 1.3.3 (/opt/ros/humble/share/ament_cmake/cmake)
[2.205s] -- Found Python3: /usr/bin/python3.10 (found version "3.10.6") found components: Interpreter 
[2.381s] -- Found ament_index_cpp: 1.4.0 (/opt/ros/humble/share/ament_index_cpp/cmake)
[2.384s] -- Found geometry_msgs: 4.2.2 (/opt/ros/humble/share/geometry_msgs/cmake)
[2.410s] -- Found rosidl_generator_c: 3.1.4 (/opt/ros/humble/share/rosidl_generator_c/cmake)
[2.416s] -- Found rosidl_adapter: 3.1.4 (/opt/ros/humble/share/rosidl_adapter/cmake)
[2.427s] -- Found rosidl_generator_cpp: 3.1.4 (/opt/ros/humble/share/rosidl_generator_cpp/cmake)
[2.439s] -- Using all available rosidl_typesupport_c: rosidl_typesupport_fastrtps_c;rosidl_typesupport_introspection_c
[2.458s] -- Using all available rosidl_typesupport_cpp: rosidl_typesupport_fastrtps_cpp;rosidl_typesupport_introspection_cpp
[2.560s] [31mCMake Error at CMakeLists.txt:15 (find_package):
[2.564s]   By not providing "FindQt5.cmake" in CMAKE_MODULE_PATH this project has
[2.571s]   asked CMake to find a package configuration file provided by "Qt5", but
[2.574s]   CMake did not find one.
[2.581s] 
[2.585s]   Could not find a package configuration file provided by "Qt5" with any of
[2.590s]   the following names:
[2.593s] 
[2.598s]     Qt5Config.cmake
[2.606s]     qt5-config.cmake
[2.611s] 
[2.616s]   Add the installation prefix of "Qt5" to CMAKE_PREFIX_PATH or set "Qt5_DIR"
[2.620s]   to a directory containing one of the above files.  If "Qt5" provides a
[2.624s]   separate development package or SDK, be sure it has been installed.
[2.628s] 
[2.633s] [0m
[2.640s] -- Configuring incomplete, errors occurred!
[2.645s] See also "/usr/sdelasa/build/turtlesim/CMakeFiles/CMakeOutput.log".
[2.649s] Invoked command in '/usr/sdelasa/build/turtlesim' returned '1': CMAKE_PREFIX_PATH=/opt/ros/humble /usr/bin/cmake /usr/sdelasa/ros_tutorials/turtlesim -DCMAKE_INSTALL_PREFIX=/usr/sdelasa/install/turtlesim
