-- Found ament_cmake: 1.3.3 (/opt/ros/humble/share/ament_cmake/cmake)
-- Found rclcpp: 16.0.2 (/opt/ros/humble/share/rclcpp/cmake)
-- Found rosidl_generator_c: 3.1.4 (/opt/ros/humble/share/rosidl_generator_c/cmake)
-- Found rosidl_adapter: 3.1.4 (/opt/ros/humble/share/rosidl_adapter/cmake)
-- Found rosidl_generator_cpp: 3.1.4 (/opt/ros/humble/share/rosidl_generator_cpp/cmake)
-- Using all available rosidl_typesupport_c: rosidl_typesupport_fastrtps_c;rosidl_typesupport_introspection_c
-- Using all available rosidl_typesupport_cpp: rosidl_typesupport_fastrtps_cpp;rosidl_typesupport_introspection_cpp
-- Found rmw_implementation_cmake: 6.1.1 (/opt/ros/humble/share/rmw_implementation_cmake/cmake)
-- Found rmw_fastrtps_cpp: 6.2.2 (/opt/ros/humble/share/rmw_fastrtps_cpp/cmake)
-- Using RMW implementation 'rmw_fastrtps_cpp' as default
-- Configuring done
-- Generating done
-- Build files have been written to: /usr/sdelasa/build/autoronto_interview
[35m[1mConsolidate compiler generated dependencies of target solution[0m
[ 25%] [32mBuilding CXX object CMakeFiles/test_publisher.dir/src/test_publisher.cpp.o[0m
[ 50%] [32mBuilding CXX object CMakeFiles/solution.dir/src/solution.cpp.o[0m
[ 75%] [32m[1mLinking CXX executable test_publisher[0m
[ 75%] Built target test_publisher
[100%] [32m[1mLinking CXX executable solution[0m
[100%] Built target solution
-- Install configuration: ""
-- Installing: /usr/sdelasa/install/autoronto_interview/lib/autoronto_interview/test_publisher
-- Set runtime path of "/usr/sdelasa/install/autoronto_interview/lib/autoronto_interview/test_publisher" to ""
-- Up-to-date: /usr/sdelasa/install/autoronto_interview/lib/autoronto_interview/test_publisher
-- Installing: /usr/sdelasa/install/autoronto_interview/lib/autoronto_interview/solution
-- Set runtime path of "/usr/sdelasa/install/autoronto_interview/lib/autoronto_interview/solution" to ""
-- Up-to-date: /usr/sdelasa/install/autoronto_interview/share/ament_index/resource_index/package_run_dependencies/autoronto_interview
-- Installing: /usr/sdelasa/install/autoronto_interview/share/ament_index/resource_index/parent_prefix_path/autoronto_interview
-- Up-to-date: /usr/sdelasa/install/autoronto_interview/share/autoronto_interview/environment/ament_prefix_path.sh
-- Installing: /usr/sdelasa/install/autoronto_interview/share/autoronto_interview/environment/ament_prefix_path.dsv
-- Up-to-date: /usr/sdelasa/install/autoronto_interview/share/autoronto_interview/environment/path.sh
-- Installing: /usr/sdelasa/install/autoronto_interview/share/autoronto_interview/environment/path.dsv
-- Up-to-date: /usr/sdelasa/install/autoronto_interview/share/autoronto_interview/local_setup.bash
-- Up-to-date: /usr/sdelasa/install/autoronto_interview/share/autoronto_interview/local_setup.sh
-- Up-to-date: /usr/sdelasa/install/autoronto_interview/share/autoronto_interview/local_setup.zsh
-- Installing: /usr/sdelasa/install/autoronto_interview/share/autoronto_interview/local_setup.dsv
-- Installing: /usr/sdelasa/install/autoronto_interview/share/autoronto_interview/package.dsv
-- Up-to-date: /usr/sdelasa/install/autoronto_interview/share/ament_index/resource_index/packages/autoronto_interview
-- Up-to-date: /usr/sdelasa/install/autoronto_interview/share/autoronto_interview/cmake/autoronto_interviewConfig.cmake
-- Up-to-date: /usr/sdelasa/install/autoronto_interview/share/autoronto_interview/cmake/autoronto_interviewConfig-version.cmake
-- Up-to-date: /usr/sdelasa/install/autoronto_interview/share/autoronto_interview/package.xml
