[0.113s] Invoking command in '/usr/sdelasa/build/autoronto_interview': CMAKE_PREFIX_PATH=${CMAKE_PREFIX_PATH}:/opt/ros/humble /usr/bin/cmake --build /usr/sdelasa/build/autoronto_interview -- -j5 -l5
[0.305s] -- Found ament_cmake: 1.3.3 (/opt/ros/humble/share/ament_cmake/cmake)
[0.545s] -- Found rclcpp: 16.0.2 (/opt/ros/humble/share/rclcpp/cmake)
[0.576s] -- Found rosidl_generator_c: 3.1.4 (/opt/ros/humble/share/rosidl_generator_c/cmake)
[0.580s] -- Found rosidl_adapter: 3.1.4 (/opt/ros/humble/share/rosidl_adapter/cmake)
[0.584s] -- Found rosidl_generator_cpp: 3.1.4 (/opt/ros/humble/share/rosidl_generator_cpp/cmake)
[0.597s] -- Using all available rosidl_typesupport_c: rosidl_typesupport_fastrtps_c;rosidl_typesupport_introspection_c
[0.611s] -- Using all available rosidl_typesupport_cpp: rosidl_typesupport_fastrtps_cpp;rosidl_typesupport_introspection_cpp
[0.666s] -- Found rmw_implementation_cmake: 6.1.1 (/opt/ros/humble/share/rmw_implementation_cmake/cmake)
[0.670s] -- Found rmw_fastrtps_cpp: 6.2.2 (/opt/ros/humble/share/rmw_fastrtps_cpp/cmake)
[0.911s] -- Using RMW implementation 'rmw_fastrtps_cpp' as default
[1.256s] -- Configuring done
[1.664s] -- Generating done
[1.769s] -- Build files have been written to: /usr/sdelasa/build/autoronto_interview
[2.045s] [35m[1mConsolidate compiler generated dependencies of target solution[0m
[2.189s] [ 25%] [32mBuilding CXX object CMakeFiles/test_publisher.dir/src/test_publisher.cpp.o[0m
[4.083s] [ 50%] [32mBuilding CXX object CMakeFiles/solution.dir/src/solution.cpp.o[0m
[6.885s] [ 75%] [32m[1mLinking CXX executable test_publisher[0m
[8.643s] [ 75%] Built target test_publisher
[12.111s] [100%] [32m[1mLinking CXX executable solution[0m
[15.968s] [100%] Built target solution
[16.061s] Invoked command in '/usr/sdelasa/build/autoronto_interview' returned '0': CMAKE_PREFIX_PATH=${CMAKE_PREFIX_PATH}:/opt/ros/humble /usr/bin/cmake --build /usr/sdelasa/build/autoronto_interview -- -j5 -l5
[16.591s] Invoking command in '/usr/sdelasa/build/autoronto_interview': CMAKE_PREFIX_PATH=${CMAKE_PREFIX_PATH}:/opt/ros/humble /usr/bin/cmake --install /usr/sdelasa/build/autoronto_interview
[16.662s] -- Install configuration: ""
[16.666s] -- Installing: /usr/sdelasa/install/autoronto_interview/lib/autoronto_interview/test_publisher
[17.054s] -- Set runtime path of "/usr/sdelasa/install/autoronto_interview/lib/autoronto_interview/test_publisher" to ""
[17.077s] -- Up-to-date: /usr/sdelasa/install/autoronto_interview/lib/autoronto_interview/test_publisher
[17.082s] -- Installing: /usr/sdelasa/install/autoronto_interview/lib/autoronto_interview/solution
[18.183s] -- Set runtime path of "/usr/sdelasa/install/autoronto_interview/lib/autoronto_interview/solution" to ""
[18.187s] -- Up-to-date: /usr/sdelasa/install/autoronto_interview/share/ament_index/resource_index/package_run_dependencies/autoronto_interview
[18.196s] -- Installing: /usr/sdelasa/install/autoronto_interview/share/ament_index/resource_index/parent_prefix_path/autoronto_interview
[18.218s] -- Up-to-date: /usr/sdelasa/install/autoronto_interview/share/autoronto_interview/environment/ament_prefix_path.sh
[18.223s] -- Installing: /usr/sdelasa/install/autoronto_interview/share/autoronto_interview/environment/ament_prefix_path.dsv
[18.249s] -- Up-to-date: /usr/sdelasa/install/autoronto_interview/share/autoronto_interview/environment/path.sh
[18.252s] -- Installing: /usr/sdelasa/install/autoronto_interview/share/autoronto_interview/environment/path.dsv
[18.276s] -- Up-to-date: /usr/sdelasa/install/autoronto_interview/share/autoronto_interview/local_setup.bash
[18.280s] -- Up-to-date: /usr/sdelasa/install/autoronto_interview/share/autoronto_interview/local_setup.sh
[18.289s] -- Up-to-date: /usr/sdelasa/install/autoronto_interview/share/autoronto_interview/local_setup.zsh
[18.293s] -- Installing: /usr/sdelasa/install/autoronto_interview/share/autoronto_interview/local_setup.dsv
[18.311s] -- Installing: /usr/sdelasa/install/autoronto_interview/share/autoronto_interview/package.dsv
[18.339s] -- Up-to-date: /usr/sdelasa/install/autoronto_interview/share/ament_index/resource_index/packages/autoronto_interview
[18.346s] -- Up-to-date: /usr/sdelasa/install/autoronto_interview/share/autoronto_interview/cmake/autoronto_interviewConfig.cmake
[18.350s] -- Up-to-date: /usr/sdelasa/install/autoronto_interview/share/autoronto_interview/cmake/autoronto_interviewConfig-version.cmake
[18.353s] -- Up-to-date: /usr/sdelasa/install/autoronto_interview/share/autoronto_interview/package.xml
[18.357s] Invoked command in '/usr/sdelasa/build/autoronto_interview' returned '0': CMAKE_PREFIX_PATH=${CMAKE_PREFIX_PATH}:/opt/ros/humble /usr/bin/cmake --install /usr/sdelasa/build/autoronto_interview
